SF:/Users/frode/Programming/rust/autoortho-rs/src/altitude_predictor.rs
FN:25,_RNvMNtCs3QhePZjA2DC_13autoortho_lib18altitude_predictorNtB2_17AltitudePredictor16altitude_at_time
FN:11,_RNvMNtCs3QhePZjA2DC_13autoortho_lib18altitude_predictorNtB2_17AltitudePredictor20interpolate_altitude
FN:63,_RNvMNtCs3QhePZjA2DC_13autoortho_lib18altitude_predictorNtB2_17AltitudePredictor25altitude_at_closest_point
FN:41,_RNvMNtCs3QhePZjA2DC_13autoortho_lib18altitude_predictorNtB2_17AltitudePredictor26vertical_speed_for_descent
FN:25,_RNvMNtCs4nX8Bln9QYa_13autoortho_lib18altitude_predictorNtB2_17AltitudePredictor16altitude_at_time
FN:11,_RNvMNtCs4nX8Bln9QYa_13autoortho_lib18altitude_predictorNtB2_17AltitudePredictor20interpolate_altitude
FN:63,_RNvMNtCs4nX8Bln9QYa_13autoortho_lib18altitude_predictorNtB2_17AltitudePredictor25altitude_at_closest_point
FN:41,_RNvMNtCs4nX8Bln9QYa_13autoortho_lib18altitude_predictorNtB2_17AltitudePredictor26vertical_speed_for_descent
FN:110,_RNvNtNtCs4nX8Bln9QYa_13autoortho_lib18altitude_predictor5testss_28test_altitude_at_time_steady
FN:80,_RNvNtNtCs4nX8Bln9QYa_13autoortho_lib18altitude_predictor5testss_29test_interpolate_altitude_end
FN:86,_RNvNtNtCs4nX8Bln9QYa_13autoortho_lib18altitude_predictor5testss_29test_interpolate_altitude_mid
FN:104,_RNvNtNtCs4nX8Bln9QYa_13autoortho_lib18altitude_predictor5testss_29test_interpolate_altitude_nan
FN:156,_RNvNtNtCs4nX8Bln9QYa_13autoortho_lib18altitude_predictor5testss_30test_altitude_at_closest_point
FN:144,_RNvNtNtCs4nX8Bln9QYa_13autoortho_lib18altitude_predictor5testss_30test_vertical_speed_zero_speed
FN:116,_RNvNtNtCs4nX8Bln9QYa_13autoortho_lib18altitude_predictor5testss_31test_altitude_at_time_zero_time
FN:74,_RNvNtNtCs4nX8Bln9QYa_13autoortho_lib18altitude_predictor5testss_31test_interpolate_altitude_start
FN:136,_RNvNtNtCs4nX8Bln9QYa_13autoortho_lib18altitude_predictor5testss_31test_vertical_speed_for_descent
FN:122,_RNvNtNtCs4nX8Bln9QYa_13autoortho_lib18altitude_predictor5testss_32test_altitude_at_time_descending
FN:150,_RNvNtNtCs4nX8Bln9QYa_13autoortho_lib18altitude_predictor5testss_33test_vertical_speed_zero_distance
FN:92,_RNvNtNtCs4nX8Bln9QYa_13autoortho_lib18altitude_predictor5testss_34test_interpolate_altitude_negative
FN:98,_RNvNtNtCs4nX8Bln9QYa_13autoortho_lib18altitude_predictor5testss_35test_interpolate_altitude_overshoot
FN:129,_RNvNtNtCs4nX8Bln9QYa_13autoortho_lib18altitude_predictor5testss_36test_altitude_at_time_reaches_target
FNDA:0,_RNvMNtCs3QhePZjA2DC_13autoortho_lib18altitude_predictorNtB2_17AltitudePredictor16altitude_at_time
FNDA:0,_RNvMNtCs3QhePZjA2DC_13autoortho_lib18altitude_predictorNtB2_17AltitudePredictor20interpolate_altitude
FNDA:0,_RNvMNtCs3QhePZjA2DC_13autoortho_lib18altitude_predictorNtB2_17AltitudePredictor25altitude_at_closest_point
FNDA:0,_RNvMNtCs3QhePZjA2DC_13autoortho_lib18altitude_predictorNtB2_17AltitudePredictor26vertical_speed_for_descent
FNDA:4,_RNvMNtCs4nX8Bln9QYa_13autoortho_lib18altitude_predictorNtB2_17AltitudePredictor16altitude_at_time
FNDA:6,_RNvMNtCs4nX8Bln9QYa_13autoortho_lib18altitude_predictorNtB2_17AltitudePredictor20interpolate_altitude
FNDA:1,_RNvMNtCs4nX8Bln9QYa_13autoortho_lib18altitude_predictorNtB2_17AltitudePredictor25altitude_at_closest_point
FNDA:3,_RNvMNtCs4nX8Bln9QYa_13autoortho_lib18altitude_predictorNtB2_17AltitudePredictor26vertical_speed_for_descent
FNDA:1,_RNvNtNtCs4nX8Bln9QYa_13autoortho_lib18altitude_predictor5testss_28test_altitude_at_time_steady
FNDA:1,_RNvNtNtCs4nX8Bln9QYa_13autoortho_lib18altitude_predictor5testss_29test_interpolate_altitude_end
FNDA:1,_RNvNtNtCs4nX8Bln9QYa_13autoortho_lib18altitude_predictor5testss_29test_interpolate_altitude_mid
FNDA:1,_RNvNtNtCs4nX8Bln9QYa_13autoortho_lib18altitude_predictor5testss_29test_interpolate_altitude_nan
FNDA:1,_RNvNtNtCs4nX8Bln9QYa_13autoortho_lib18altitude_predictor5testss_30test_altitude_at_closest_point
FNDA:1,_RNvNtNtCs4nX8Bln9QYa_13autoortho_lib18altitude_predictor5testss_30test_vertical_speed_zero_speed
FNDA:1,_RNvNtNtCs4nX8Bln9QYa_13autoortho_lib18altitude_predictor5testss_31test_altitude_at_time_zero_time
FNDA:1,_RNvNtNtCs4nX8Bln9QYa_13autoortho_lib18altitude_predictor5testss_31test_interpolate_altitude_start
FNDA:1,_RNvNtNtCs4nX8Bln9QYa_13autoortho_lib18altitude_predictor5testss_31test_vertical_speed_for_descent
FNDA:1,_RNvNtNtCs4nX8Bln9QYa_13autoortho_lib18altitude_predictor5testss_32test_altitude_at_time_descending
FNDA:1,_RNvNtNtCs4nX8Bln9QYa_13autoortho_lib18altitude_predictor5testss_33test_vertical_speed_zero_distance
FNDA:1,_RNvNtNtCs4nX8Bln9QYa_13autoortho_lib18altitude_predictor5testss_34test_interpolate_altitude_negative
FNDA:1,_RNvNtNtCs4nX8Bln9QYa_13autoortho_lib18altitude_predictor5testss_35test_interpolate_altitude_overshoot
FNDA:1,_RNvNtNtCs4nX8Bln9QYa_13autoortho_lib18altitude_predictor5testss_36test_altitude_at_time_reaches_target
FNF:18
FNH:18
DA:11,6
DA:13,6
DA:14,2
DA:15,4
DA:16,4
DA:17,2
DA:18,2
DA:20,2
DA:21,6
DA:25,4
DA:26,4
DA:27,4
DA:28,4
DA:29,4
DA:30,4
DA:31,4
DA:32,2
DA:33,2
DA:35,2
DA:36,2
DA:37,4
DA:41,3
DA:42,3
DA:43,3
DA:44,3
DA:45,3
DA:46,3
DA:47,3
DA:48,2
DA:49,1
DA:51,1
DA:52,1
DA:54,1
DA:55,0
DA:57,1
DA:59,3
DA:63,1
DA:65,1
DA:66,1
DA:74,1
DA:75,1
DA:76,1
DA:77,1
DA:80,1
DA:81,1
DA:82,1
DA:83,1
DA:86,1
DA:87,1
DA:88,1
DA:89,1
DA:92,1
DA:93,1
DA:94,1
DA:95,1
DA:98,1
DA:99,1
DA:100,1
DA:101,1
DA:104,1
DA:105,1
DA:106,1
DA:107,1
DA:110,1
DA:111,1
DA:112,1
DA:113,1
DA:116,1
DA:117,1
DA:118,1
DA:119,1
DA:122,1
DA:123,1
DA:125,1
DA:126,1
DA:129,1
DA:130,1
DA:132,1
DA:133,1
DA:136,1
DA:137,1
DA:140,1
DA:141,1
DA:144,1
DA:145,1
DA:146,1
DA:147,1
DA:150,1
DA:151,1
DA:152,1
DA:153,1
DA:156,1
DA:157,1
DA:158,1
DA:159,1
BRF:0
BRH:0
LF:95
LH:94
end_of_record
SF:/Users/frode/Programming/rust/autoortho-rs/src/app_context.rs
FN:37,_RNvMNtCs3QhePZjA2DC_13autoortho_lib11app_contextNtB2_10AppContext11new_fetcher
FN:53,_RNvMNtCs3QhePZjA2DC_13autoortho_lib11app_contextNtB2_10AppContext4init
FN:43,_RNvMNtCs3QhePZjA2DC_13autoortho_lib11app_contextNtB2_10AppContext9new_cache
FN:55,_RNCNCNvMNtCs3QhePZjA2DC_13autoortho_lib11app_contextNtB6_10AppContext4init00B8_
FN:58,_RNCNCNvMNtCs3QhePZjA2DC_13autoortho_lib11app_contextNtB6_10AppContext4init0s_0B8_
FN:53,_RNCNvMNtCs3QhePZjA2DC_13autoortho_lib11app_contextNtB4_10AppContext4init0B6_
FN:50,_RNCNvMNtCs3QhePZjA2DC_13autoortho_lib11app_contextNtB4_10AppContext9new_cache0B6_
FN:55,_RNCNCNvMNtCs4nX8Bln9QYa_13autoortho_lib11app_contextNtB6_10AppContext4init00B8_
FN:58,_RNCNCNvMNtCs4nX8Bln9QYa_13autoortho_lib11app_contextNtB6_10AppContext4init0s_0B8_
FN:53,_RNCNvMNtCs4nX8Bln9QYa_13autoortho_lib11app_contextNtB4_10AppContext4init0B6_
FN:50,_RNCNvMNtCs4nX8Bln9QYa_13autoortho_lib11app_contextNtB4_10AppContext9new_cache0B6_
FN:154,_RNvNtNtCs4nX8Bln9QYa_13autoortho_lib11app_context5testss_22test_new_cache_enabled
FN:147,_RNvNtNtCs4nX8Bln9QYa_13autoortho_lib11app_context5testss_23test_new_cache_disabled
FN:118,_RNvNtNtCs4nX8Bln9QYa_13autoortho_lib11app_context5testss_29test_app_context_init_default
FN:140,_RNvNtNtCs4nX8Bln9QYa_13autoortho_lib11app_context5testss_33test_new_fetcher_default_provider
FN:130,_RNvNtNtCs4nX8Bln9QYa_13autoortho_lib11app_context5testss_41test_new_fetcher_returns_correct_provider
FN:118,_RNCNvNtNtCs4nX8Bln9QYa_13autoortho_lib11app_context5testss_29test_app_context_init_default0B7_
FN:37,_RNvMNtCs4nX8Bln9QYa_13autoortho_lib11app_contextNtB2_10AppContext11new_fetcher
FN:53,_RNvMNtCs4nX8Bln9QYa_13autoortho_lib11app_contextNtB2_10AppContext4init
FN:43,_RNvMNtCs4nX8Bln9QYa_13autoortho_lib11app_contextNtB2_10AppContext9new_cache
FNDA:0,_RNvMNtCs3QhePZjA2DC_13autoortho_lib11app_contextNtB2_10AppContext11new_fetcher
FNDA:0,_RNvMNtCs3QhePZjA2DC_13autoortho_lib11app_contextNtB2_10AppContext4init
FNDA:0,_RNvMNtCs3QhePZjA2DC_13autoortho_lib11app_contextNtB2_10AppContext9new_cache
FNDA:0,_RNCNCNvMNtCs3QhePZjA2DC_13autoortho_lib11app_contextNtB6_10AppContext4init00B8_
FNDA:0,_RNCNCNvMNtCs3QhePZjA2DC_13autoortho_lib11app_contextNtB6_10AppContext4init0s_0B8_
FNDA:0,_RNCNvMNtCs3QhePZjA2DC_13autoortho_lib11app_contextNtB4_10AppContext4init0B6_
FNDA:0,_RNCNvMNtCs3QhePZjA2DC_13autoortho_lib11app_contextNtB4_10AppContext9new_cache0B6_
FNDA:0,_RNCNCNvMNtCs4nX8Bln9QYa_13autoortho_lib11app_contextNtB6_10AppContext4init00B8_
FNDA:0,_RNCNCNvMNtCs4nX8Bln9QYa_13autoortho_lib11app_contextNtB6_10AppContext4init0s_0B8_
FNDA:3,_RNCNvMNtCs4nX8Bln9QYa_13autoortho_lib11app_contextNtB4_10AppContext4init0B6_
FNDA:2,_RNCNvMNtCs4nX8Bln9QYa_13autoortho_lib11app_contextNtB4_10AppContext9new_cache0B6_
FNDA:1,_RNvNtNtCs4nX8Bln9QYa_13autoortho_lib11app_context5testss_22test_new_cache_enabled
FNDA:1,_RNvNtNtCs4nX8Bln9QYa_13autoortho_lib11app_context5testss_23test_new_cache_disabled
FNDA:1,_RNvNtNtCs4nX8Bln9QYa_13autoortho_lib11app_context5testss_29test_app_context_init_default
FNDA:1,_RNvNtNtCs4nX8Bln9QYa_13autoortho_lib11app_context5testss_33test_new_fetcher_default_provider
FNDA:1,_RNvNtNtCs4nX8Bln9QYa_13autoortho_lib11app_context5testss_41test_new_fetcher_returns_correct_provider
FNDA:1,_RNCNvNtNtCs4nX8Bln9QYa_13autoortho_lib11app_context5testss_29test_app_context_init_default0B7_
FNDA:5,_RNvMNtCs4nX8Bln9QYa_13autoortho_lib11app_contextNtB2_10AppContext11new_fetcher
FNDA:3,_RNvMNtCs4nX8Bln9QYa_13autoortho_lib11app_contextNtB2_10AppContext4init
FNDA:5,_RNvMNtCs4nX8Bln9QYa_13autoortho_lib11app_contextNtB2_10AppContext9new_cache
FNF:13
FNH:11
DA:37,5
DA:38,5
DA:39,5
DA:40,5
DA:43,5
DA:44,5
DA:45,3
DA:46,2
DA:47,2
DA:48,2
DA:49,2
DA:50,2
DA:51,5
DA:53,3
DA:54,3
DA:55,3
DA:57,3
DA:58,3
DA:59,3
DA:60,3
DA:61,3
DA:63,3
DA:65,3
DA:66,3
DA:68,3
DA:69,3
DA:71,3
DA:74,3
DA:75,3
DA:76,3
DA:77,3
DA:78,3
DA:79,3
DA:80,3
DA:81,3
DA:83,3
DA:84,1
DA:85,2
DA:87,3
DA:95,3
DA:97,3
DA:98,3
DA:99,3
DA:100,3
DA:101,3
DA:102,3
DA:103,3
DA:104,3
DA:105,3
DA:106,3
DA:107,3
DA:108,3
DA:118,1
DA:119,1
DA:120,1
DA:121,1
DA:123,1
DA:124,1
DA:125,1
DA:126,1
DA:127,1
DA:130,1
DA:131,1
DA:132,1
DA:133,1
DA:136,1
DA:137,1
DA:140,1
DA:141,1
DA:142,1
DA:143,1
DA:144,1
DA:147,1
DA:148,1
DA:149,1
DA:150,1
DA:151,1
DA:154,1
DA:155,1
DA:156,1
DA:157,1
DA:158,1
DA:159,1
DA:160,1
BRF:0
BRH:0
LF:90
LH:88
end_of_record
SF:/Users/frode/Programming/rust/autoortho-rs/src/config/cache.rs
FN:40,_RNvMs_NtNtCs3QhePZjA2DC_13autoortho_lib6config5cacheNtB4_11CacheConfig24dds_memory_cache_entries
FN:45,_RNvMs_NtNtCs3QhePZjA2DC_13autoortho_lib6config5cacheNtB4_11CacheConfig26chunk_memory_cache_entries
FN:49,_RNvMs_NtNtCs3QhePZjA2DC_13autoortho_lib6config5cacheNtB4_11CacheConfig8validate
FN:59,_RNvNtNtCs3QhePZjA2DC_13autoortho_lib6config5cache24default_enable_dds_cache
FN:55,_RNvNtNtCs3QhePZjA2DC_13autoortho_lib6config5cache25default_dds_cache_size_mb
FN:63,_RNvNtNtCs3QhePZjA2DC_13autoortho_lib6config5cache27default_dds_memory_cache_mb
FN:67,_RNvNtNtCs3QhePZjA2DC_13autoortho_lib6config5cache29default_chunk_memory_cache_mb
FN:22,_RNvXNtNtCs3QhePZjA2DC_13autoortho_lib6config5cacheNtB2_11CacheConfigNtNtCsl8K0bEFm1U0_4core7default7Default7default
FN:76,_RNvNtNtNtCs4nX8Bln9QYa_13autoortho_lib6config5cache5testss_26test_cache_config_defaults
FN:85,_RNvNtNtNtCs4nX8Bln9QYa_13autoortho_lib6config5cache5testss_29test_dds_memory_cache_entries
FN:107,_RNvNtNtNtCs4nX8Bln9QYa_13autoortho_lib6config5cache5testss_31test_chunk_memory_cache_entries
FN:114,_RNvNtNtNtCs4nX8Bln9QYa_13autoortho_lib6config5cache5testss_32test_cache_config_validate_valid
FN:127,_RNvNtNtNtCs4nX8Bln9QYa_13autoortho_lib6config5cache5testss_33test_cache_config_serde_roundtrip
FN:120,_RNvNtNtNtCs4nX8Bln9QYa_13autoortho_lib6config5cache5testss_34test_cache_config_validate_invalid
FN:92,_RNvNtNtNtCs4nX8Bln9QYa_13autoortho_lib6config5cache5testss_36test_dds_memory_cache_entries_custom
FN:100,_RNvNtNtNtCs4nX8Bln9QYa_13autoortho_lib6config5cache5testss_37test_dds_memory_cache_entries_minimum
FN:40,_RNvMs_NtNtCs4nX8Bln9QYa_13autoortho_lib6config5cacheNtB4_11CacheConfig24dds_memory_cache_entries
FN:45,_RNvMs_NtNtCs4nX8Bln9QYa_13autoortho_lib6config5cacheNtB4_11CacheConfig26chunk_memory_cache_entries
FN:49,_RNvMs_NtNtCs4nX8Bln9QYa_13autoortho_lib6config5cacheNtB4_11CacheConfig8validate
FN:59,_RNvNtNtCs4nX8Bln9QYa_13autoortho_lib6config5cache24default_enable_dds_cache
FN:55,_RNvNtNtCs4nX8Bln9QYa_13autoortho_lib6config5cache25default_dds_cache_size_mb
FN:63,_RNvNtNtCs4nX8Bln9QYa_13autoortho_lib6config5cache27default_dds_memory_cache_mb
FN:67,_RNvNtNtCs4nX8Bln9QYa_13autoortho_lib6config5cache29default_chunk_memory_cache_mb
FN:22,_RNvXNtNtCs4nX8Bln9QYa_13autoortho_lib6config5cacheNtB2_11CacheConfigNtNtCsl8K0bEFm1U0_4core7default7Default7default
FNDA:0,_RNvMs_NtNtCs3QhePZjA2DC_13autoortho_lib6config5cacheNtB4_11CacheConfig24dds_memory_cache_entries
FNDA:0,_RNvMs_NtNtCs3QhePZjA2DC_13autoortho_lib6config5cacheNtB4_11CacheConfig26chunk_memory_cache_entries
FNDA:0,_RNvMs_NtNtCs3QhePZjA2DC_13autoortho_lib6config5cacheNtB4_11CacheConfig8validate
FNDA:1,_RNvNtNtCs3QhePZjA2DC_13autoortho_lib6config5cache24default_enable_dds_cache
FNDA:1,_RNvNtNtCs3QhePZjA2DC_13autoortho_lib6config5cache25default_dds_cache_size_mb
FNDA:1,_RNvNtNtCs3QhePZjA2DC_13autoortho_lib6config5cache27default_dds_memory_cache_mb
FNDA:1,_RNvNtNtCs3QhePZjA2DC_13autoortho_lib6config5cache29default_chunk_memory_cache_mb
FNDA:1,_RNvXNtNtCs3QhePZjA2DC_13autoortho_lib6config5cacheNtB2_11CacheConfigNtNtCsl8K0bEFm1U0_4core7default7Default7default
FNDA:1,_RNvNtNtNtCs4nX8Bln9QYa_13autoortho_lib6config5cache5testss_26test_cache_config_defaults
FNDA:1,_RNvNtNtNtCs4nX8Bln9QYa_13autoortho_lib6config5cache5testss_29test_dds_memory_cache_entries
FNDA:1,_RNvNtNtNtCs4nX8Bln9QYa_13autoortho_lib6config5cache5testss_31test_chunk_memory_cache_entries
FNDA:1,_RNvNtNtNtCs4nX8Bln9QYa_13autoortho_lib6config5cache5testss_32test_cache_config_validate_valid
FNDA:1,_RNvNtNtNtCs4nX8Bln9QYa_13autoortho_lib6config5cache5testss_33test_cache_config_serde_roundtrip
FNDA:1,_RNvNtNtNtCs4nX8Bln9QYa_13autoortho_lib6config5cache5testss_34test_cache_config_validate_invalid
FNDA:1,_RNvNtNtNtCs4nX8Bln9QYa_13autoortho_lib6config5cache5testss_36test_dds_memory_cache_entries_custom
FNDA:1,_RNvNtNtNtCs4nX8Bln9QYa_13autoortho_lib6config5cache5testss_37test_dds_memory_cache_entries_minimum
FNDA:9,_RNvMs_NtNtCs4nX8Bln9QYa_13autoortho_lib6config5cacheNtB4_11CacheConfig24dds_memory_cache_entries
FNDA:6,_RNvMs_NtNtCs4nX8Bln9QYa_13autoortho_lib6config5cacheNtB4_11CacheConfig26chunk_memory_cache_entries
FNDA:8,_RNvMs_NtNtCs4nX8Bln9QYa_13autoortho_lib6config5cacheNtB4_11CacheConfig8validate
FNDA:47,_RNvNtNtCs4nX8Bln9QYa_13autoortho_lib6config5cache24default_enable_dds_cache
FNDA:47,_RNvNtNtCs4nX8Bln9QYa_13autoortho_lib6config5cache25default_dds_cache_size_mb
FNDA:47,_RNvNtNtCs4nX8Bln9QYa_13autoortho_lib6config5cache27default_dds_memory_cache_mb
FNDA:47,_RNvNtNtCs4nX8Bln9QYa_13autoortho_lib6config5cache29default_chunk_memory_cache_mb
FNDA:47,_RNvXNtNtCs4nX8Bln9QYa_13autoortho_lib6config5cacheNtB2_11CacheConfigNtNtCsl8K0bEFm1U0_4core7default7Default7default
FNF:16
FNH:16
DA:22,48
DA:23,48
DA:24,48
DA:25,48
DA:26,48
DA:27,48
DA:28,48
DA:29,48
DA:40,9
DA:41,9
DA:42,9
DA:45,6
DA:46,6
DA:47,6
DA:49,8
DA:50,8
DA:51,7
DA:52,8
DA:55,48
DA:56,48
DA:57,48
DA:59,48
DA:60,48
DA:61,48
DA:63,48
DA:64,48
DA:65,48
DA:67,48
DA:68,48
DA:69,48
DA:76,1
DA:77,1
DA:78,1
DA:79,1
DA:80,1
DA:81,1
DA:82,1
DA:85,1
DA:86,1
DA:88,1
DA:89,1
DA:92,1
DA:93,1
DA:94,1
DA:96,1
DA:97,1
DA:100,1
DA:101,1
DA:102,1
DA:103,1
DA:104,1
DA:107,1
DA:108,1
DA:110,1
DA:111,1
DA:114,1
DA:115,1
DA:116,1
DA:117,1
DA:120,1
DA:121,1
DA:122,1
DA:123,1
DA:124,1
DA:127,1
DA:128,1
DA:129,1
DA:130,1
DA:131,1
DA:132,1
BRF:0
BRH:0
LF:70
LH:70
end_of_record
SF:/Users/frode/Programming/rust/autoortho-rs/src/config/flight.rs
FN:65,_RNvNtNtCs3QhePZjA2DC_13autoortho_lib6config6flight25default_airport_radius_nm
FN:69,_RNvNtNtCs3QhePZjA2DC_13autoortho_lib6config6flight25default_near_airport_zoom
FN:61,_RNvNtNtCs3QhePZjA2DC_13autoortho_lib6config6flight25default_prefetch_airports
FN:73,_RNvNtNtCs3QhePZjA2DC_13autoortho_lib6config6flight29default_use_simbrief_altitude
FN:57,_RNvNtNtCs3QhePZjA2DC_13autoortho_lib6config6flight30default_prefetch_route_percent
FN:53,_RNvNtNtCs3QhePZjA2DC_13autoortho_lib6config6flight32default_route_prefetch_radius_nm
FN:49,_RNvNtNtCs3QhePZjA2DC_13autoortho_lib6config6flight36default_route_deviation_threshold_nm
FN:45,_RNvNtNtCs3QhePZjA2DC_13autoortho_lib6config6flight37default_route_consideration_radius_nm
FN:30,_RNvXNtNtCs3QhePZjA2DC_13autoortho_lib6config6flightNtB2_12FlightConfigNtNtCsl8K0bEFm1U0_4core7default7Default7default
FN:82,_RNvNtNtNtCs4nX8Bln9QYa_13autoortho_lib6config6flight5testss_27test_flight_config_defaults
FN:96,_RNvNtNtNtCs4nX8Bln9QYa_13autoortho_lib6config6flight5testss_34test_flight_config_serde_roundtrip
FN:65,_RNvNtNtCs4nX8Bln9QYa_13autoortho_lib6config6flight25default_airport_radius_nm
FN:69,_RNvNtNtCs4nX8Bln9QYa_13autoortho_lib6config6flight25default_near_airport_zoom
FN:61,_RNvNtNtCs4nX8Bln9QYa_13autoortho_lib6config6flight25default_prefetch_airports
FN:73,_RNvNtNtCs4nX8Bln9QYa_13autoortho_lib6config6flight29default_use_simbrief_altitude
FN:57,_RNvNtNtCs4nX8Bln9QYa_13autoortho_lib6config6flight30default_prefetch_route_percent
FN:53,_RNvNtNtCs4nX8Bln9QYa_13autoortho_lib6config6flight32default_route_prefetch_radius_nm
FN:49,_RNvNtNtCs4nX8Bln9QYa_13autoortho_lib6config6flight36default_route_deviation_threshold_nm
FN:45,_RNvNtNtCs4nX8Bln9QYa_13autoortho_lib6config6flight37default_route_consideration_radius_nm
FN:30,_RNvXNtNtCs4nX8Bln9QYa_13autoortho_lib6config6flightNtB2_12FlightConfigNtNtCsl8K0bEFm1U0_4core7default7Default7default
FNDA:1,_RNvNtNtCs3QhePZjA2DC_13autoortho_lib6config6flight25default_airport_radius_nm
FNDA:1,_RNvNtNtCs3QhePZjA2DC_13autoortho_lib6config6flight25default_near_airport_zoom
FNDA:1,_RNvNtNtCs3QhePZjA2DC_13autoortho_lib6config6flight25default_prefetch_airports
FNDA:1,_RNvNtNtCs3QhePZjA2DC_13autoortho_lib6config6flight29default_use_simbrief_altitude
FNDA:1,_RNvNtNtCs3QhePZjA2DC_13autoortho_lib6config6flight30default_prefetch_route_percent
FNDA:1,_RNvNtNtCs3QhePZjA2DC_13autoortho_lib6config6flight32default_route_prefetch_radius_nm
FNDA:1,_RNvNtNtCs3QhePZjA2DC_13autoortho_lib6config6flight36default_route_deviation_threshold_nm
FNDA:1,_RNvNtNtCs3QhePZjA2DC_13autoortho_lib6config6flight37default_route_consideration_radius_nm
FNDA:1,_RNvXNtNtCs3QhePZjA2DC_13autoortho_lib6config6flightNtB2_12FlightConfigNtNtCsl8K0bEFm1U0_4core7default7Default7default
FNDA:1,_RNvNtNtNtCs4nX8Bln9QYa_13autoortho_lib6config6flight5testss_27test_flight_config_defaults
FNDA:1,_RNvNtNtNtCs4nX8Bln9QYa_13autoortho_lib6config6flight5testss_34test_flight_config_serde_roundtrip
FNDA:41,_RNvNtNtCs4nX8Bln9QYa_13autoortho_lib6config6flight25default_airport_radius_nm
FNDA:41,_RNvNtNtCs4nX8Bln9QYa_13autoortho_lib6config6flight25default_near_airport_zoom
FNDA:41,_RNvNtNtCs4nX8Bln9QYa_13autoortho_lib6config6flight25default_prefetch_airports
FNDA:41,_RNvNtNtCs4nX8Bln9QYa_13autoortho_lib6config6flight29default_use_simbrief_altitude
FNDA:41,_RNvNtNtCs4nX8Bln9QYa_13autoortho_lib6config6flight30default_prefetch_route_percent
FNDA:41,_RNvNtNtCs4nX8Bln9QYa_13autoortho_lib6config6flight32default_route_prefetch_radius_nm
FNDA:41,_RNvNtNtCs4nX8Bln9QYa_13autoortho_lib6config6flight36default_route_deviation_threshold_nm
FNDA:41,_RNvNtNtCs4nX8Bln9QYa_13autoortho_lib6config6flight37default_route_consideration_radius_nm
FNDA:41,_RNvXNtNtCs4nX8Bln9QYa_13autoortho_lib6config6flightNtB2_12FlightConfigNtNtCsl8K0bEFm1U0_4core7default7Default7default
FNF:11
FNH:11
DA:30,42
DA:31,42
DA:32,42
DA:33,42
DA:34,42
DA:35,42
DA:36,42
DA:37,42
DA:38,42
DA:39,42
DA:40,42
DA:41,42
DA:42,42
DA:45,42
DA:46,42
DA:47,42
DA:49,42
DA:50,42
DA:51,42
DA:53,42
DA:54,42
DA:55,42
DA:57,42
DA:58,42
DA:59,42
DA:61,42
DA:62,42
DA:63,42
DA:65,42
DA:66,42
DA:67,42
DA:69,42
DA:70,42
DA:71,42
DA:73,42
DA:74,42
DA:75,42
DA:82,1
DA:83,1
DA:84,1
DA:85,1
DA:86,1
DA:87,1
DA:88,1
DA:89,1
DA:90,1
DA:91,1
DA:92,1
DA:93,1
DA:96,1
DA:97,1
DA:98,1
DA:99,1
DA:100,1
DA:104,1
BRF:0
BRH:0
LF:55
LH:55
end_of_record
SF:/Users/frode/Programming/rust/autoortho-rs/src/config/mod.rs
FN:197,_RNCNvMs1_NtCs3QhePZjA2DC_13autoortho_lib6configNtB7_15AutoOrthoConfig11config_path0B9_
FN:227,_RNCNvMs1_NtCs3QhePZjA2DC_13autoortho_lib6configNtB7_15AutoOrthoConfig7save_to0B9_
FN:235,_RNCNvMs1_NtCs3QhePZjA2DC_13autoortho_lib6configNtB7_15AutoOrthoConfig7save_tos0_0B9_
FN:236,_RNCNvMs1_NtCs3QhePZjA2DC_13autoortho_lib6configNtB7_15AutoOrthoConfig7save_tos1_0B9_
FN:231,_RNCNvMs1_NtCs3QhePZjA2DC_13autoortho_lib6configNtB7_15AutoOrthoConfig7save_tos_0B9_
FN:250,_RNCNvMs1_NtCs3QhePZjA2DC_13autoortho_lib6configNtB7_15AutoOrthoConfig9from_file0B9_
FN:251,_RNCNvMs1_NtCs3QhePZjA2DC_13autoortho_lib6configNtB7_15AutoOrthoConfig9from_files_0B9_
FN:295,_RNCNvNtCs3QhePZjA2DC_13autoortho_lib6config17default_cache_dir0B5_
FN:296,_RNCNvNtCs3QhePZjA2DC_13autoortho_lib6config17default_cache_dirs_0B5_
FN:289,_RNCNvNtCs3QhePZjA2DC_13autoortho_lib6config19default_xplane_path0B5_
FN:290,_RNCNvNtCs3QhePZjA2DC_13autoortho_lib6config19default_xplane_paths_0B5_
FN:195,_RNvMs1_NtCs3QhePZjA2DC_13autoortho_lib6configNtB5_15AutoOrthoConfig11config_path
FN:243,_RNvMs1_NtCs3QhePZjA2DC_13autoortho_lib6configNtB5_15AutoOrthoConfig21reset_window_position
FN:175,_RNvMs1_NtCs3QhePZjA2DC_13autoortho_lib6configNtB5_15AutoOrthoConfig24dds_memory_cache_entries
FN:180,_RNvMs1_NtCs3QhePZjA2DC_13autoortho_lib6configNtB5_15AutoOrthoConfig26chunk_memory_cache_entries
FN:203,_RNvMs1_NtCs3QhePZjA2DC_13autoortho_lib6configNtB5_15AutoOrthoConfig4load
FN:218,_RNvMs1_NtCs3QhePZjA2DC_13autoortho_lib6configNtB5_15AutoOrthoConfig4save
FN:224,_RNvMs1_NtCs3QhePZjA2DC_13autoortho_lib6configNtB5_15AutoOrthoConfig7save_to
FN:185,_RNvMs1_NtCs3QhePZjA2DC_13autoortho_lib6configNtB5_15AutoOrthoConfig8validate
FN:248,_RNvMs1_NtCs3QhePZjA2DC_13autoortho_lib6configNtB5_15AutoOrthoConfig9from_file
FN:266,_RNvMs2_NtCs3QhePZjA2DC_13autoortho_lib6configNtB5_14ConfigSnapshot24dds_memory_cache_entries
FN:271,_RNvMs2_NtCs3QhePZjA2DC_13autoortho_lib6configNtB5_14ConfigSnapshot26chunk_memory_cache_entries
FN:57,_RNvMs_NtCs3QhePZjA2DC_13autoortho_lib6configNtB4_10TileConfig8validate
FN:88,_RNvNtCs3QhePZjA2DC_13autoortho_lib6config16default_max_zoom
FN:84,_RNvNtCs3QhePZjA2DC_13autoortho_lib6config16default_min_zoom
FN:293,_RNvNtCs3QhePZjA2DC_13autoortho_lib6config17default_cache_dir
FN:96,_RNvNtCs3QhePZjA2DC_13autoortho_lib6config18default_zoom_rules
FN:287,_RNvNtCs3QhePZjA2DC_13autoortho_lib6config19default_xplane_path
FN:80,_RNvNtCs3QhePZjA2DC_13autoortho_lib6config21default_tile_provider
FN:299,_RNvNtCs3QhePZjA2DC_13autoortho_lib6config24default_simheaven_compat
FN:92,_RNvNtCs3QhePZjA2DC_13autoortho_lib6config27default_enable_dynamic_zoom
FN:45,_RNvXNtCs3QhePZjA2DC_13autoortho_lib6configNtB2_10TileConfigNtNtCsl8K0bEFm1U0_4core7default7Default7default
FN:155,_RNvXs0_NtCs3QhePZjA2DC_13autoortho_lib6configNtB5_15AutoOrthoConfigNtNtCsl8K0bEFm1U0_4core7default7Default7default
FN:277,_RNvXs3_NtCs3QhePZjA2DC_13autoortho_lib6configNtB5_14ConfigSnapshotINtNtCsl8K0bEFm1U0_4core7convert4FromRNtB5_15AutoOrthoConfigE4from
FN:195,_RNvMs1_NtCs4nX8Bln9QYa_13autoortho_lib6configNtB5_15AutoOrthoConfig11config_path
FN:175,_RNvMs1_NtCs4nX8Bln9QYa_13autoortho_lib6configNtB5_15AutoOrthoConfig24dds_memory_cache_entries
FN:180,_RNvMs1_NtCs4nX8Bln9QYa_13autoortho_lib6configNtB5_15AutoOrthoConfig26chunk_memory_cache_entries
FN:203,_RNvMs1_NtCs4nX8Bln9QYa_13autoortho_lib6configNtB5_15AutoOrthoConfig4load
FN:218,_RNvMs1_NtCs4nX8Bln9QYa_13autoortho_lib6configNtB5_15AutoOrthoConfig4save
FN:224,_RNvMs1_NtCs4nX8Bln9QYa_13autoortho_lib6configNtB5_15AutoOrthoConfig7save_to
FN:185,_RNvMs1_NtCs4nX8Bln9QYa_13autoortho_lib6configNtB5_15AutoOrthoConfig8validate
FN:248,_RNvMs1_NtCs4nX8Bln9QYa_13autoortho_lib6configNtB5_15AutoOrthoConfig9from_file
FN:266,_RNvMs2_NtCs4nX8Bln9QYa_13autoortho_lib6configNtB5_14ConfigSnapshot24dds_memory_cache_entries
FN:57,_RNvMs_NtCs4nX8Bln9QYa_13autoortho_lib6configNtB4_10TileConfig8validate
FN:88,_RNvNtCs4nX8Bln9QYa_13autoortho_lib6config16default_max_zoom
FN:84,_RNvNtCs4nX8Bln9QYa_13autoortho_lib6config16default_min_zoom
FN:293,_RNvNtCs4nX8Bln9QYa_13autoortho_lib6config17default_cache_dir
FN:96,_RNvNtCs4nX8Bln9QYa_13autoortho_lib6config18default_zoom_rules
FN:287,_RNvNtCs4nX8Bln9QYa_13autoortho_lib6config19default_xplane_path
FN:80,_RNvNtCs4nX8Bln9QYa_13autoortho_lib6config21default_tile_provider
FN:299,_RNvNtCs4nX8Bln9QYa_13autoortho_lib6config24default_simheaven_compat
FN:92,_RNvNtCs4nX8Bln9QYa_13autoortho_lib6config27default_enable_dynamic_zoom
FN:45,_RNvXNtCs4nX8Bln9QYa_13autoortho_lib6configNtB2_10TileConfigNtNtCsl8K0bEFm1U0_4core7default7Default7default
FN:155,_RNvXs0_NtCs4nX8Bln9QYa_13autoortho_lib6configNtB5_15AutoOrthoConfigNtNtCsl8K0bEFm1U0_4core7default7Default7default
FN:277,_RNvXs3_NtCs4nX8Bln9QYa_13autoortho_lib6configNtB5_14ConfigSnapshotINtNtCsl8K0bEFm1U0_4core7convert4FromRNtB5_15AutoOrthoConfigE4from
FN:243,_RNvMs1_NtCs4nX8Bln9QYa_13autoortho_lib6configNtB5_15AutoOrthoConfig21reset_window_position
FN:271,_RNvMs2_NtCs4nX8Bln9QYa_13autoortho_lib6configNtB5_14ConfigSnapshot26chunk_memory_cache_entries
FN:326,_RNvNtNtCs4nX8Bln9QYa_13autoortho_lib6config5testss_17test_config_clone
FN:333,_RNvNtNtCs4nX8Bln9QYa_13autoortho_lib6config5testss_18test_save_and_load
FN:422,_RNvNtNtCs4nX8Bln9QYa_13autoortho_lib6config5testss_19test_debug_mode_set
FN:429,_RNvNtNtCs4nX8Bln9QYa_13autoortho_lib6config5testss_21test_debug_mode_serde
FN:416,_RNvNtNtCs4nX8Bln9QYa_13autoortho_lib6config5testss_23test_debug_mode_default
FN:356,_RNvNtNtCs4nX8Bln9QYa_13autoortho_lib6config5testss_23test_load_with_fallback
FN:362,_RNvNtNtCs4nX8Bln9QYa_13autoortho_lib6config5testss_26test_config_path_not_empty
FN:368,_RNvNtNtCs4nX8Bln9QYa_13autoortho_lib6config5testss_28test_config_validate_default
FN:461,_RNvNtNtCs4nX8Bln9QYa_13autoortho_lib6config5testss_29test_fallback_config_validate
FN:401,_RNvNtNtCs4nX8Bln9QYa_13autoortho_lib6config5testss_31test_config_validate_zoom_order
FN:444,_RNvNtNtCs4nX8Bln9QYa_13autoortho_lib6config5testss_32test_config_snapshot_from_config
FN:409,_RNvNtNtCs4nX8Bln9QYa_13autoortho_lib6config5testss_33test_config_validate_invalid_port
FN:374,_RNvNtNtCs4nX8Bln9QYa_13autoortho_lib6config5testss_33test_config_validate_invalid_zoom
FN:350,_RNvNtNtCs4nX8Bln9QYa_13autoortho_lib6config5testss_36test_load_missing_file_returns_error
FN:381,_RNvNtNtCs4nX8Bln9QYa_13autoortho_lib6config5testss_39test_config_validate_log_rotation_valid
FN:392,_RNvNtNtCs4nX8Bln9QYa_13autoortho_lib6config5testss_41test_config_validate_log_rotation_invalid
FN:309,_RNvNtNtCs4nX8Bln9QYa_13autoortho_lib6config5testss_45test_config_snapshot_dds_memory_cache_entries
FN:197,_RNCNvMs1_NtCs4nX8Bln9QYa_13autoortho_lib6configNtB7_15AutoOrthoConfig11config_path0B9_
FN:227,_RNCNvMs1_NtCs4nX8Bln9QYa_13autoortho_lib6configNtB7_15AutoOrthoConfig7save_to0B9_
FN:235,_RNCNvMs1_NtCs4nX8Bln9QYa_13autoortho_lib6configNtB7_15AutoOrthoConfig7save_tos0_0B9_
FN:236,_RNCNvMs1_NtCs4nX8Bln9QYa_13autoortho_lib6configNtB7_15AutoOrthoConfig7save_tos1_0B9_
FN:231,_RNCNvMs1_NtCs4nX8Bln9QYa_13autoortho_lib6configNtB7_15AutoOrthoConfig7save_tos_0B9_
FN:250,_RNCNvMs1_NtCs4nX8Bln9QYa_13autoortho_lib6configNtB7_15AutoOrthoConfig9from_file0B9_
FN:251,_RNCNvMs1_NtCs4nX8Bln9QYa_13autoortho_lib6configNtB7_15AutoOrthoConfig9from_files_0B9_
FN:295,_RNCNvNtCs4nX8Bln9QYa_13autoortho_lib6config17default_cache_dir0B5_
FN:296,_RNCNvNtCs4nX8Bln9QYa_13autoortho_lib6config17default_cache_dirs_0B5_
FN:289,_RNCNvNtCs4nX8Bln9QYa_13autoortho_lib6config19default_xplane_path0B5_
FN:290,_RNCNvNtCs4nX8Bln9QYa_13autoortho_lib6config19default_xplane_paths_0B5_
FN:475,_RNvNtNtCs4nX8Bln9QYa_13autoortho_lib6config17tile_config_testss_25test_tile_config_defaults
FN:485,_RNvNtNtCs4nX8Bln9QYa_13autoortho_lib6config17tile_config_testss_31test_tile_config_validate_valid
FN:509,_RNvNtNtCs4nX8Bln9QYa_13autoortho_lib6config17tile_config_testss_40test_tile_config_validate_empty_provider
FN:497,_RNvNtNtCs4nX8Bln9QYa_13autoortho_lib6config17tile_config_testss_44test_tile_config_validate_invalid_zoom_order
FNDA:0,_RNCNvMs1_NtCs3QhePZjA2DC_13autoortho_lib6configNtB7_15AutoOrthoConfig11config_path0B9_
FNDA:0,_RNCNvMs1_NtCs3QhePZjA2DC_13autoortho_lib6configNtB7_15AutoOrthoConfig7save_to0B9_
FNDA:0,_RNCNvMs1_NtCs3QhePZjA2DC_13autoortho_lib6configNtB7_15AutoOrthoConfig7save_tos0_0B9_
FNDA:0,_RNCNvMs1_NtCs3QhePZjA2DC_13autoortho_lib6configNtB7_15AutoOrthoConfig7save_tos1_0B9_
FNDA:0,_RNCNvMs1_NtCs3QhePZjA2DC_13autoortho_lib6configNtB7_15AutoOrthoConfig7save_tos_0B9_
FNDA:0,_RNCNvMs1_NtCs3QhePZjA2DC_13autoortho_lib6configNtB7_15AutoOrthoConfig9from_file0B9_
FNDA:0,_RNCNvMs1_NtCs3QhePZjA2DC_13autoortho_lib6configNtB7_15AutoOrthoConfig9from_files_0B9_
FNDA:1,_RNCNvNtCs3QhePZjA2DC_13autoortho_lib6config17default_cache_dir0B5_
FNDA:0,_RNCNvNtCs3QhePZjA2DC_13autoortho_lib6config17default_cache_dirs_0B5_
FNDA:1,_RNCNvNtCs3QhePZjA2DC_13autoortho_lib6config19default_xplane_path0B5_
FNDA:0,_RNCNvNtCs3QhePZjA2DC_13autoortho_lib6config19default_xplane_paths_0B5_
FNDA:0,_RNvMs1_NtCs3QhePZjA2DC_13autoortho_lib6configNtB5_15AutoOrthoConfig11config_path
FNDA:0,_RNvMs1_NtCs3QhePZjA2DC_13autoortho_lib6configNtB5_15AutoOrthoConfig21reset_window_position
FNDA:0,_RNvMs1_NtCs3QhePZjA2DC_13autoortho_lib6configNtB5_15AutoOrthoConfig24dds_memory_cache_entries
FNDA:0,_RNvMs1_NtCs3QhePZjA2DC_13autoortho_lib6configNtB5_15AutoOrthoConfig26chunk_memory_cache_entries
FNDA:0,_RNvMs1_NtCs3QhePZjA2DC_13autoortho_lib6configNtB5_15AutoOrthoConfig4load
FNDA:0,_RNvMs1_NtCs3QhePZjA2DC_13autoortho_lib6configNtB5_15AutoOrthoConfig4save
FNDA:0,_RNvMs1_NtCs3QhePZjA2DC_13autoortho_lib6configNtB5_15AutoOrthoConfig7save_to
FNDA:0,_RNvMs1_NtCs3QhePZjA2DC_13autoortho_lib6configNtB5_15AutoOrthoConfig8validate
FNDA:0,_RNvMs1_NtCs3QhePZjA2DC_13autoortho_lib6configNtB5_15AutoOrthoConfig9from_file
FNDA:0,_RNvMs2_NtCs3QhePZjA2DC_13autoortho_lib6configNtB5_14ConfigSnapshot24dds_memory_cache_entries
FNDA:0,_RNvMs2_NtCs3QhePZjA2DC_13autoortho_lib6configNtB5_14ConfigSnapshot26chunk_memory_cache_entries
FNDA:0,_RNvMs_NtCs3QhePZjA2DC_13autoortho_lib6configNtB4_10TileConfig8validate
FNDA:1,_RNvNtCs3QhePZjA2DC_13autoortho_lib6config16default_max_zoom
FNDA:1,_RNvNtCs3QhePZjA2DC_13autoortho_lib6config16default_min_zoom
FNDA:1,_RNvNtCs3QhePZjA2DC_13autoortho_lib6config17default_cache_dir
FNDA:1,_RNvNtCs3QhePZjA2DC_13autoortho_lib6config18default_zoom_rules
FNDA:1,_RNvNtCs3QhePZjA2DC_13autoortho_lib6config19default_xplane_path
FNDA:1,_RNvNtCs3QhePZjA2DC_13autoortho_lib6config21default_tile_provider
FNDA:1,_RNvNtCs3QhePZjA2DC_13autoortho_lib6config24default_simheaven_compat
FNDA:1,_RNvNtCs3QhePZjA2DC_13autoortho_lib6config27default_enable_dynamic_zoom
FNDA:1,_RNvXNtCs3QhePZjA2DC_13autoortho_lib6configNtB2_10TileConfigNtNtCsl8K0bEFm1U0_4core7default7Default7default
FNDA:1,_RNvXs0_NtCs3QhePZjA2DC_13autoortho_lib6configNtB5_15AutoOrthoConfigNtNtCsl8K0bEFm1U0_4core7default7Default7default
FNDA:0,_RNvXs3_NtCs3QhePZjA2DC_13autoortho_lib6configNtB5_14ConfigSnapshotINtNtCsl8K0bEFm1U0_4core7convert4FromRNtB5_15AutoOrthoConfigE4from
FNDA:28,_RNvMs1_NtCs4nX8Bln9QYa_13autoortho_lib6configNtB5_15AutoOrthoConfig11config_path
FNDA:3,_RNvMs1_NtCs4nX8Bln9QYa_13autoortho_lib6configNtB5_15AutoOrthoConfig24dds_memory_cache_entries
FNDA:5,_RNvMs1_NtCs4nX8Bln9QYa_13autoortho_lib6configNtB5_15AutoOrthoConfig26chunk_memory_cache_entries
FNDA:26,_RNvMs1_NtCs4nX8Bln9QYa_13autoortho_lib6configNtB5_15AutoOrthoConfig4load
FNDA:1,_RNvMs1_NtCs4nX8Bln9QYa_13autoortho_lib6configNtB5_15AutoOrthoConfig4save
FNDA:2,_RNvMs1_NtCs4nX8Bln9QYa_13autoortho_lib6configNtB5_15AutoOrthoConfig7save_to
FNDA:9,_RNvMs1_NtCs4nX8Bln9QYa_13autoortho_lib6configNtB5_15AutoOrthoConfig8validate
FNDA:28,_RNvMs1_NtCs4nX8Bln9QYa_13autoortho_lib6configNtB5_15AutoOrthoConfig9from_file
FNDA:3,_RNvMs2_NtCs4nX8Bln9QYa_13autoortho_lib6configNtB5_14ConfigSnapshot24dds_memory_cache_entries
FNDA:12,_RNvMs_NtCs4nX8Bln9QYa_13autoortho_lib6configNtB4_10TileConfig8validate
FNDA:39,_RNvNtCs4nX8Bln9QYa_13autoortho_lib6config16default_max_zoom
FNDA:39,_RNvNtCs4nX8Bln9QYa_13autoortho_lib6config16default_min_zoom
FNDA:39,_RNvNtCs4nX8Bln9QYa_13autoortho_lib6config17default_cache_dir
FNDA:39,_RNvNtCs4nX8Bln9QYa_13autoortho_lib6config18default_zoom_rules
FNDA:39,_RNvNtCs4nX8Bln9QYa_13autoortho_lib6config19default_xplane_path
FNDA:39,_RNvNtCs4nX8Bln9QYa_13autoortho_lib6config21default_tile_provider
FNDA:39,_RNvNtCs4nX8Bln9QYa_13autoortho_lib6config24default_simheaven_compat
FNDA:39,_RNvNtCs4nX8Bln9QYa_13autoortho_lib6config27default_enable_dynamic_zoom
FNDA:39,_RNvXNtCs4nX8Bln9QYa_13autoortho_lib6configNtB2_10TileConfigNtNtCsl8K0bEFm1U0_4core7default7Default7default
FNDA:39,_RNvXs0_NtCs4nX8Bln9QYa_13autoortho_lib6configNtB5_15AutoOrthoConfigNtNtCsl8K0bEFm1U0_4core7default7Default7default
FNDA:4,_RNvXs3_NtCs4nX8Bln9QYa_13autoortho_lib6configNtB5_14ConfigSnapshotINtNtCsl8K0bEFm1U0_4core7convert4FromRNtB5_15AutoOrthoConfigE4from
FNDA:0,_RNvMs1_NtCs4nX8Bln9QYa_13autoortho_lib6configNtB5_15AutoOrthoConfig21reset_window_position
FNDA:0,_RNvMs2_NtCs4nX8Bln9QYa_13autoortho_lib6configNtB5_14ConfigSnapshot26chunk_memory_cache_entries
FNDA:1,_RNvNtNtCs4nX8Bln9QYa_13autoortho_lib6config5testss_17test_config_clone
FNDA:1,_RNvNtNtCs4nX8Bln9QYa_13autoortho_lib6config5testss_18test_save_and_load
FNDA:1,_RNvNtNtCs4nX8Bln9QYa_13autoortho_lib6config5testss_19test_debug_mode_set
FNDA:1,_RNvNtNtCs4nX8Bln9QYa_13autoortho_lib6config5testss_21test_debug_mode_serde
FNDA:1,_RNvNtNtCs4nX8Bln9QYa_13autoortho_lib6config5testss_23test_debug_mode_default
FNDA:1,_RNvNtNtCs4nX8Bln9QYa_13autoortho_lib6config5testss_23test_load_with_fallback
FNDA:1,_RNvNtNtCs4nX8Bln9QYa_13autoortho_lib6config5testss_26test_config_path_not_empty
FNDA:1,_RNvNtNtCs4nX8Bln9QYa_13autoortho_lib6config5testss_28test_config_validate_default
FNDA:1,_RNvNtNtCs4nX8Bln9QYa_13autoortho_lib6config5testss_29test_fallback_config_validate
FNDA:1,_RNvNtNtCs4nX8Bln9QYa_13autoortho_lib6config5testss_31test_config_validate_zoom_order
FNDA:1,_RNvNtNtCs4nX8Bln9QYa_13autoortho_lib6config5testss_32test_config_snapshot_from_config
FNDA:1,_RNvNtNtCs4nX8Bln9QYa_13autoortho_lib6config5testss_33test_config_validate_invalid_port
FNDA:1,_RNvNtNtCs4nX8Bln9QYa_13autoortho_lib6config5testss_33test_config_validate_invalid_zoom
FNDA:1,_RNvNtNtCs4nX8Bln9QYa_13autoortho_lib6config5testss_36test_load_missing_file_returns_error
FNDA:1,_RNvNtNtCs4nX8Bln9QYa_13autoortho_lib6config5testss_39test_config_validate_log_rotation_valid
FNDA:1,_RNvNtNtCs4nX8Bln9QYa_13autoortho_lib6config5testss_41test_config_validate_log_rotation_invalid
FNDA:1,_RNvNtNtCs4nX8Bln9QYa_13autoortho_lib6config5testss_45test_config_snapshot_dds_memory_cache_entries
FNDA:0,_RNCNvMs1_NtCs4nX8Bln9QYa_13autoortho_lib6configNtB7_15AutoOrthoConfig11config_path0B9_
FNDA:0,_RNCNvMs1_NtCs4nX8Bln9QYa_13autoortho_lib6configNtB7_15AutoOrthoConfig7save_to0B9_
FNDA:0,_RNCNvMs1_NtCs4nX8Bln9QYa_13autoortho_lib6configNtB7_15AutoOrthoConfig7save_tos0_0B9_
FNDA:0,_RNCNvMs1_NtCs4nX8Bln9QYa_13autoortho_lib6configNtB7_15AutoOrthoConfig7save_tos1_0B9_
FNDA:0,_RNCNvMs1_NtCs4nX8Bln9QYa_13autoortho_lib6configNtB7_15AutoOrthoConfig7save_tos_0B9_
FNDA:1,_RNCNvMs1_NtCs4nX8Bln9QYa_13autoortho_lib6configNtB7_15AutoOrthoConfig9from_file0B9_
FNDA:0,_RNCNvMs1_NtCs4nX8Bln9QYa_13autoortho_lib6configNtB7_15AutoOrthoConfig9from_files_0B9_
FNDA:39,_RNCNvNtCs4nX8Bln9QYa_13autoortho_lib6config17default_cache_dir0B5_
FNDA:0,_RNCNvNtCs4nX8Bln9QYa_13autoortho_lib6config17default_cache_dirs_0B5_
FNDA:39,_RNCNvNtCs4nX8Bln9QYa_13autoortho_lib6config19default_xplane_path0B5_
FNDA:0,_RNCNvNtCs4nX8Bln9QYa_13autoortho_lib6config19default_xplane_paths_0B5_
FNDA:1,_RNvNtNtCs4nX8Bln9QYa_13autoortho_lib6config17tile_config_testss_25test_tile_config_defaults
FNDA:1,_RNvNtNtCs4nX8Bln9QYa_13autoortho_lib6config17tile_config_testss_31test_tile_config_validate_valid
FNDA:1,_RNvNtNtCs4nX8Bln9QYa_13autoortho_lib6config17tile_config_testss_40test_tile_config_validate_empty_provider
FNDA:1,_RNvNtNtCs4nX8Bln9QYa_13autoortho_lib6config17tile_config_testss_44test_tile_config_validate_invalid_zoom_order
FNF:55
FNH:45
DA:45,40
DA:46,40
DA:47,40
DA:48,40
DA:49,40
DA:50,40
DA:51,40
DA:52,40
DA:53,40
DA:57,12
DA:58,12
DA:59,1
DA:60,1
DA:61,1
DA:62,1
DA:63,1
DA:64,1
DA:65,11
DA:66,11
DA:67,10
DA:68,10
DA:69,2
DA:70,2
DA:71,2
DA:72,2
DA:73,2
DA:74,2
DA:75,8
DA:76,8
DA:77,12
DA:80,40
DA:81,40
DA:82,40
DA:84,40
DA:85,40
DA:86,40
DA:88,40
DA:89,40
DA:90,40
DA:92,40
DA:93,40
DA:94,40
DA:96,40
DA:97,40
DA:98,40
DA:99,40
DA:100,40
DA:101,40
DA:102,40
DA:103,40
DA:104,40
DA:105,40
DA:107,40
DA:155,40
DA:156,40
DA:157,40
DA:158,40
DA:159,40
DA:160,40
DA:161,40
DA:162,40
DA:163,40
DA:164,40
DA:165,40
DA:166,40
DA:167,40
DA:168,40
DA:169,40
DA:170,40
DA:175,3
DA:176,3
DA:177,3
DA:180,5
DA:181,5
DA:182,5
DA:185,9
DA:186,9
DA:187,7
DA:188,6
DA:189,6
DA:190,6
DA:191,4
DA:192,9
DA:195,28
DA:196,28
DA:197,28
DA:198,28
DA:199,28
DA:200,28
DA:203,26
DA:204,26
DA:205,26
DA:206,26
DA:207,26
DA:208,26
DA:210,0
DA:211,0
DA:212,0
DA:215,26
DA:218,1
DA:219,1
DA:220,1
DA:221,1
DA:224,2
DA:225,2
DA:226,2
DA:227,2
DA:228,0
DA:230,2
DA:231,2
DA:234,2
DA:235,2
DA:236,2
DA:238,2
DA:239,2
DA:240,2
DA:243,0
DA:244,0
DA:245,0
DA:248,28
DA:249,28
DA:250,28
DA:251,27
DA:252,28
DA:266,3
DA:267,3
DA:268,3
DA:271,0
DA:272,0
DA:273,0
DA:277,4
DA:278,4
DA:279,4
DA:280,4
DA:281,4
DA:282,4
DA:283,4
DA:284,4
DA:287,40
DA:288,40
DA:289,40
DA:290,40
DA:291,40
DA:293,40
DA:294,40
DA:295,40
DA:296,40
DA:297,40
DA:299,40
DA:300,40
DA:301,40
DA:309,1
DA:310,1
DA:311,1
DA:312,1
DA:314,1
DA:315,1
DA:316,1
DA:317,1
DA:319,1
DA:320,1
DA:321,1
DA:322,1
DA:323,1
DA:326,1
DA:327,1
DA:328,1
DA:329,1
DA:330,1
DA:333,1
DA:334,1
DA:335,1
DA:337,1
DA:338,1
DA:339,1
DA:341,1
DA:343,1
DA:344,1
DA:345,1
DA:346,1
DA:347,1
DA:350,1
DA:351,1
DA:352,1
DA:353,1
DA:356,1
DA:357,1
DA:358,1
DA:359,1
DA:362,1
DA:363,1
DA:364,1
DA:365,1
DA:368,1
DA:369,1
DA:370,1
DA:371,1
DA:374,1
DA:375,1
DA:376,1
DA:377,1
DA:378,1
DA:381,1
DA:382,1
DA:383,1
DA:384,1
DA:385,1
DA:386,1
DA:387,1
DA:388,1
DA:389,1
DA:392,1
DA:393,1
DA:394,1
DA:395,1
DA:396,1
DA:397,1
DA:398,1
DA:401,1
DA:402,1
DA:403,1
DA:404,1
DA:405,1
DA:406,1
DA:409,1
DA:410,1
DA:411,1
DA:412,1
DA:413,1
DA:416,1
DA:417,1
DA:418,1
DA:419,1
DA:422,1
DA:423,1
DA:424,1
DA:425,1
DA:426,1
DA:429,1
DA:430,1
DA:431,1
DA:432,1
DA:433,1
DA:434,1
DA:436,1
DA:437,1
DA:438,1
DA:439,1
DA:440,1
DA:441,1
DA:444,1
DA:445,1
DA:446,1
DA:447,1
DA:448,1
DA:449,1
DA:450,1
DA:454,1
DA:458,1
DA:461,1
DA:462,1
DA:463,1
DA:464,1
DA:465,1
DA:466,1
DA:467,1
DA:475,1
DA:476,1
DA:477,1
DA:478,1
DA:479,1
DA:480,1
DA:481,1
DA:482,1
DA:485,1
DA:486,1
DA:487,1
DA:488,1
DA:489,1
DA:490,1
DA:491,1
DA:492,1
DA:493,1
DA:494,1
DA:497,1
DA:498,1
DA:499,1
DA:500,1
DA:501,1
DA:502,1
DA:503,1
DA:504,1
DA:505,1
DA:506,1
DA:509,1
DA:510,1
DA:511,1
DA:512,1
DA:513,1
DA:514,1
DA:515,1
DA:516,1
DA:517,1
DA:518,1
BRF:0
BRH:0
LF:315
LH:297
end_of_record
SF:/Users/frode/Programming/rust/autoortho-rs/src/config/network.rs
FN:30,_RNvMs_NtNtCs3QhePZjA2DC_13autoortho_lib6config7networkNtB4_13NetworkConfig8validate
FN:36,_RNvNtNtCs3QhePZjA2DC_13autoortho_lib6config7network19default_xplane_host
FN:40,_RNvNtNtCs3QhePZjA2DC_13autoortho_lib6config7network19default_xplane_port
FN:20,_RNvXNtNtCs3QhePZjA2DC_13autoortho_lib6config7networkNtB2_13NetworkConfigNtNtCsl8K0bEFm1U0_4core7default7Default7default
FN:30,_RNvMs_NtNtCs4nX8Bln9QYa_13autoortho_lib6config7networkNtB4_13NetworkConfig8validate
FN:36,_RNvNtNtCs4nX8Bln9QYa_13autoortho_lib6config7network19default_xplane_host
FN:40,_RNvNtNtCs4nX8Bln9QYa_13autoortho_lib6config7network19default_xplane_port
FN:20,_RNvXNtNtCs4nX8Bln9QYa_13autoortho_lib6config7networkNtB2_13NetworkConfigNtNtCsl8K0bEFm1U0_4core7default7Default7default
FN:49,_RNvNtNtNtCs4nX8Bln9QYa_13autoortho_lib6config7network5testss_28test_network_config_defaults
FN:56,_RNvNtNtNtCs4nX8Bln9QYa_13autoortho_lib6config7network5testss_34test_network_config_validate_valid
FN:76,_RNvNtNtNtCs4nX8Bln9QYa_13autoortho_lib6config7network5testss_35test_network_config_serde_roundtrip
FN:69,_RNvNtNtNtCs4nX8Bln9QYa_13autoortho_lib6config7network5testss_38test_network_config_validate_high_port
FN:62,_RNvNtNtNtCs4nX8Bln9QYa_13autoortho_lib6config7network5testss_41test_network_config_validate_invalid_port
FNDA:0,_RNvMs_NtNtCs3QhePZjA2DC_13autoortho_lib6config7networkNtB4_13NetworkConfig8validate
FNDA:1,_RNvNtNtCs3QhePZjA2DC_13autoortho_lib6config7network19default_xplane_host
FNDA:1,_RNvNtNtCs3QhePZjA2DC_13autoortho_lib6config7network19default_xplane_port
FNDA:1,_RNvXNtNtCs3QhePZjA2DC_13autoortho_lib6config7networkNtB2_13NetworkConfigNtNtCsl8K0bEFm1U0_4core7default7Default7default
FNDA:10,_RNvMs_NtNtCs4nX8Bln9QYa_13autoortho_lib6config7networkNtB4_13NetworkConfig8validate
FNDA:44,_RNvNtNtCs4nX8Bln9QYa_13autoortho_lib6config7network19default_xplane_host
FNDA:44,_RNvNtNtCs4nX8Bln9QYa_13autoortho_lib6config7network19default_xplane_port
FNDA:44,_RNvXNtNtCs4nX8Bln9QYa_13autoortho_lib6config7networkNtB2_13NetworkConfigNtNtCsl8K0bEFm1U0_4core7default7Default7default
FNDA:1,_RNvNtNtNtCs4nX8Bln9QYa_13autoortho_lib6config7network5testss_28test_network_config_defaults
FNDA:1,_RNvNtNtNtCs4nX8Bln9QYa_13autoortho_lib6config7network5testss_34test_network_config_validate_valid
FNDA:1,_RNvNtNtNtCs4nX8Bln9QYa_13autoortho_lib6config7network5testss_35test_network_config_serde_roundtrip
FNDA:1,_RNvNtNtNtCs4nX8Bln9QYa_13autoortho_lib6config7network5testss_38test_network_config_validate_high_port
FNDA:1,_RNvNtNtNtCs4nX8Bln9QYa_13autoortho_lib6config7network5testss_41test_network_config_validate_invalid_port
FNF:9
FNH:9
DA:20,45
DA:21,45
DA:22,45
DA:23,45
DA:24,45
DA:25,45
DA:26,45
DA:30,10
DA:31,10
DA:32,8
DA:33,10
DA:36,45
DA:37,45
DA:38,45
DA:40,45
DA:41,45
DA:42,45
DA:49,1
DA:50,1
DA:51,1
DA:52,1
DA:53,1
DA:56,1
DA:57,1
DA:58,1
DA:59,1
DA:62,1
DA:63,1
DA:64,1
DA:65,1
DA:66,1
DA:69,1
DA:70,1
DA:71,1
DA:72,1
DA:73,1
DA:76,1
DA:77,1
DA:78,1
DA:79,1
DA:80,1
DA:81,1
DA:82,1
BRF:0
BRH:0
LF:43
LH:43
end_of_record
SF:/Users/frode/Programming/rust/autoortho-rs/src/config/night.rs
FN:30,_RNvMs_NtNtCs3QhePZjA2DC_13autoortho_lib6config5nightNtB4_11NightConfig8validate
FN:51,_RNvNtNtCs3QhePZjA2DC_13autoortho_lib6config5night21default_day_threshold
FN:47,_RNvNtNtCs3QhePZjA2DC_13autoortho_lib6config5night23default_night_threshold
FN:43,_RNvNtNtCs3QhePZjA2DC_13autoortho_lib6config5night30default_enable_night_exclusion
FN:20,_RNvXNtNtCs3QhePZjA2DC_13autoortho_lib6config5nightNtB2_11NightConfigNtNtCsl8K0bEFm1U0_4core7default7Default7default
FN:60,_RNvNtNtNtCs4nX8Bln9QYa_13autoortho_lib6config5night5testss_26test_night_config_defaults
FN:68,_RNvNtNtNtCs4nX8Bln9QYa_13autoortho_lib6config5night5testss_32test_night_config_validate_valid
FN:89,_RNvNtNtNtCs4nX8Bln9QYa_13autoortho_lib6config5night5testss_33test_night_config_serde_roundtrip
FN:74,_RNvNtNtNtCs4nX8Bln9QYa_13autoortho_lib6config5night5testss_40test_night_config_validate_invalid_order
FN:82,_RNvNtNtNtCs4nX8Bln9QYa_13autoortho_lib6config5night5testss_49test_night_config_validate_threshold_out_of_range
FN:30,_RNvMs_NtNtCs4nX8Bln9QYa_13autoortho_lib6config5nightNtB4_11NightConfig8validate
FN:51,_RNvNtNtCs4nX8Bln9QYa_13autoortho_lib6config5night21default_day_threshold
FN:47,_RNvNtNtCs4nX8Bln9QYa_13autoortho_lib6config5night23default_night_threshold
FN:43,_RNvNtNtCs4nX8Bln9QYa_13autoortho_lib6config5night30default_enable_night_exclusion
FN:20,_RNvXNtNtCs4nX8Bln9QYa_13autoortho_lib6config5nightNtB2_11NightConfigNtNtCsl8K0bEFm1U0_4core7default7Default7default
FNDA:0,_RNvMs_NtNtCs3QhePZjA2DC_13autoortho_lib6config5nightNtB4_11NightConfig8validate
FNDA:1,_RNvNtNtCs3QhePZjA2DC_13autoortho_lib6config5night21default_day_threshold
FNDA:1,_RNvNtNtCs3QhePZjA2DC_13autoortho_lib6config5night23default_night_threshold
FNDA:1,_RNvNtNtCs3QhePZjA2DC_13autoortho_lib6config5night30default_enable_night_exclusion
FNDA:1,_RNvXNtNtCs3QhePZjA2DC_13autoortho_lib6config5nightNtB2_11NightConfigNtNtCsl8K0bEFm1U0_4core7default7Default7default
FNDA:1,_RNvNtNtNtCs4nX8Bln9QYa_13autoortho_lib6config5night5testss_26test_night_config_defaults
FNDA:1,_RNvNtNtNtCs4nX8Bln9QYa_13autoortho_lib6config5night5testss_32test_night_config_validate_valid
FNDA:1,_RNvNtNtNtCs4nX8Bln9QYa_13autoortho_lib6config5night5testss_33test_night_config_serde_roundtrip
FNDA:1,_RNvNtNtNtCs4nX8Bln9QYa_13autoortho_lib6config5night5testss_40test_night_config_validate_invalid_order
FNDA:1,_RNvNtNtNtCs4nX8Bln9QYa_13autoortho_lib6config5night5testss_49test_night_config_validate_threshold_out_of_range
FNDA:9,_RNvMs_NtNtCs4nX8Bln9QYa_13autoortho_lib6config5nightNtB4_11NightConfig8validate
FNDA:44,_RNvNtNtCs4nX8Bln9QYa_13autoortho_lib6config5night21default_day_threshold
FNDA:44,_RNvNtNtCs4nX8Bln9QYa_13autoortho_lib6config5night23default_night_threshold
FNDA:44,_RNvNtNtCs4nX8Bln9QYa_13autoortho_lib6config5night30default_enable_night_exclusion
FNDA:44,_RNvXNtNtCs4nX8Bln9QYa_13autoortho_lib6config5nightNtB2_11NightConfigNtNtCsl8K0bEFm1U0_4core7default7Default7default
FNF:10
FNH:10
DA:20,45
DA:21,45
DA:22,45
DA:23,45
DA:24,45
DA:25,45
DA:26,45
DA:30,9
DA:31,9
DA:32,7
DA:33,7
DA:34,0
DA:35,0
DA:36,0
DA:37,0
DA:38,7
DA:39,7
DA:40,9
DA:43,45
DA:44,45
DA:45,45
DA:47,45
DA:48,45
DA:49,45
DA:51,45
DA:52,45
DA:53,45
DA:60,1
DA:61,1
DA:62,1
DA:63,1
DA:64,1
DA:65,1
DA:68,1
DA:69,1
DA:70,1
DA:71,1
DA:74,1
DA:75,1
DA:76,1
DA:77,1
DA:78,1
DA:79,1
DA:82,1
DA:83,1
DA:84,1
DA:85,1
DA:86,1
DA:89,1
DA:90,1
DA:91,1
DA:92,1
DA:93,1
DA:94,1
BRF:0
BRH:0
LF:54
LH:50
end_of_record
SF:/Users/frode/Programming/rust/autoortho-rs/src/config/season.rs
FN:41,_RNvNtNtCs3QhePZjA2DC_13autoortho_lib6config6season25default_autumn_saturation
FN:33,_RNvNtNtCs3QhePZjA2DC_13autoortho_lib6config6season25default_spring_saturation
FN:37,_RNvNtNtCs3QhePZjA2DC_13autoortho_lib6config6season25default_summer_saturation
FN:45,_RNvNtNtCs3QhePZjA2DC_13autoortho_lib6config6season25default_winter_saturation
FN:22,_RNvXNtNtCs3QhePZjA2DC_13autoortho_lib6config6seasonNtB2_12SeasonConfigNtNtCsl8K0bEFm1U0_4core7default7Default7default
FN:54,_RNvNtNtNtCs4nX8Bln9QYa_13autoortho_lib6config6season5testss_27test_season_config_defaults
FN:63,_RNvNtNtNtCs4nX8Bln9QYa_13autoortho_lib6config6season5testss_34test_season_config_serde_roundtrip
FN:41,_RNvNtNtCs4nX8Bln9QYa_13autoortho_lib6config6season25default_autumn_saturation
FN:33,_RNvNtNtCs4nX8Bln9QYa_13autoortho_lib6config6season25default_spring_saturation
FN:37,_RNvNtNtCs4nX8Bln9QYa_13autoortho_lib6config6season25default_summer_saturation
FN:45,_RNvNtNtCs4nX8Bln9QYa_13autoortho_lib6config6season25default_winter_saturation
FN:22,_RNvXNtNtCs4nX8Bln9QYa_13autoortho_lib6config6seasonNtB2_12SeasonConfigNtNtCsl8K0bEFm1U0_4core7default7Default7default
FNDA:1,_RNvNtNtCs3QhePZjA2DC_13autoortho_lib6config6season25default_autumn_saturation
FNDA:1,_RNvNtNtCs3QhePZjA2DC_13autoortho_lib6config6season25default_spring_saturation
FNDA:1,_RNvNtNtCs3QhePZjA2DC_13autoortho_lib6config6season25default_summer_saturation
FNDA:1,_RNvNtNtCs3QhePZjA2DC_13autoortho_lib6config6season25default_winter_saturation
FNDA:1,_RNvXNtNtCs3QhePZjA2DC_13autoortho_lib6config6seasonNtB2_12SeasonConfigNtNtCsl8K0bEFm1U0_4core7default7Default7default
FNDA:1,_RNvNtNtNtCs4nX8Bln9QYa_13autoortho_lib6config6season5testss_27test_season_config_defaults
FNDA:1,_RNvNtNtNtCs4nX8Bln9QYa_13autoortho_lib6config6season5testss_34test_season_config_serde_roundtrip
FNDA:41,_RNvNtNtCs4nX8Bln9QYa_13autoortho_lib6config6season25default_autumn_saturation
FNDA:41,_RNvNtNtCs4nX8Bln9QYa_13autoortho_lib6config6season25default_spring_saturation
FNDA:41,_RNvNtNtCs4nX8Bln9QYa_13autoortho_lib6config6season25default_summer_saturation
FNDA:41,_RNvNtNtCs4nX8Bln9QYa_13autoortho_lib6config6season25default_winter_saturation
FNDA:41,_RNvXNtNtCs4nX8Bln9QYa_13autoortho_lib6config6seasonNtB2_12SeasonConfigNtNtCsl8K0bEFm1U0_4core7default7Default7default
FNF:7
FNH:7
DA:22,42
DA:23,42
DA:24,42
DA:25,42
DA:26,42
DA:27,42
DA:28,42
DA:29,42
DA:30,42
DA:33,42
DA:34,42
DA:35,42
DA:37,42
DA:38,42
DA:39,42
DA:41,42
DA:42,42
DA:43,42
DA:45,42
DA:46,42
DA:47,42
DA:54,1
DA:55,1
DA:56,1
DA:57,1
DA:58,1
DA:59,1
DA:60,1
DA:63,1
DA:64,1
DA:65,1
DA:66,1
DA:67,1
DA:68,1
BRF:0
BRH:0
LF:34
LH:34
end_of_record
SF:/Users/frode/Programming/rust/autoortho-rs/src/config/ui.rs
FN:56,_RNvMs_NtNtCs3QhePZjA2DC_13autoortho_lib6config2uiNtB4_8UiConfig21reset_window_position
FN:42,_RNvMs_NtNtCs3QhePZjA2DC_13autoortho_lib6config2uiNtB4_8UiConfig8validate
FN:64,_RNvNtNtCs3QhePZjA2DC_13autoortho_lib6config2ui16default_ui_scale
FN:68,_RNvNtNtCs3QhePZjA2DC_13autoortho_lib6config2ui20default_log_rotation
FN:72,_RNvNtNtCs3QhePZjA2DC_13autoortho_lib6config2ui21validate_log_rotation
FN:28,_RNvXNtNtCs3QhePZjA2DC_13autoortho_lib6config2uiNtB2_8UiConfigNtNtCsl8K0bEFm1U0_4core7default7Default7default
FN:90,_RNvNtNtNtCs4nX8Bln9QYa_13autoortho_lib6config2ui5testss_23test_ui_config_defaults
FN:99,_RNvNtNtNtCs4nX8Bln9QYa_13autoortho_lib6config2ui5testss_29test_ui_config_validate_valid
FN:133,_RNvNtNtNtCs4nX8Bln9QYa_13autoortho_lib6config2ui5testss_30test_ui_config_serde_roundtrip
FN:119,_RNvNtNtNtCs4nX8Bln9QYa_13autoortho_lib6config2ui5testss_36test_ui_config_reset_window_position
FN:105,_RNvNtNtNtCs4nX8Bln9QYa_13autoortho_lib6config2ui5testss_37test_ui_config_validate_invalid_scale
FN:112,_RNvNtNtNtCs4nX8Bln9QYa_13autoortho_lib6config2ui5testss_44test_ui_config_validate_invalid_log_rotation
FN:56,_RNvMs_NtNtCs4nX8Bln9QYa_13autoortho_lib6config2uiNtB4_8UiConfig21reset_window_position
FN:42,_RNvMs_NtNtCs4nX8Bln9QYa_13autoortho_lib6config2uiNtB4_8UiConfig8validate
FN:64,_RNvNtNtCs4nX8Bln9QYa_13autoortho_lib6config2ui16default_ui_scale
FN:68,_RNvNtNtCs4nX8Bln9QYa_13autoortho_lib6config2ui20default_log_rotation
FN:72,_RNvNtNtCs4nX8Bln9QYa_13autoortho_lib6config2ui21validate_log_rotation
FN:28,_RNvXNtNtCs4nX8Bln9QYa_13autoortho_lib6config2uiNtB2_8UiConfigNtNtCsl8K0bEFm1U0_4core7default7Default7default
FNDA:0,_RNvMs_NtNtCs3QhePZjA2DC_13autoortho_lib6config2uiNtB4_8UiConfig21reset_window_position
FNDA:0,_RNvMs_NtNtCs3QhePZjA2DC_13autoortho_lib6config2uiNtB4_8UiConfig8validate
FNDA:1,_RNvNtNtCs3QhePZjA2DC_13autoortho_lib6config2ui16default_ui_scale
FNDA:1,_RNvNtNtCs3QhePZjA2DC_13autoortho_lib6config2ui20default_log_rotation
FNDA:0,_RNvNtNtCs3QhePZjA2DC_13autoortho_lib6config2ui21validate_log_rotation
FNDA:1,_RNvXNtNtCs3QhePZjA2DC_13autoortho_lib6config2uiNtB2_8UiConfigNtNtCsl8K0bEFm1U0_4core7default7Default7default
FNDA:1,_RNvNtNtNtCs4nX8Bln9QYa_13autoortho_lib6config2ui5testss_23test_ui_config_defaults
FNDA:1,_RNvNtNtNtCs4nX8Bln9QYa_13autoortho_lib6config2ui5testss_29test_ui_config_validate_valid
FNDA:1,_RNvNtNtNtCs4nX8Bln9QYa_13autoortho_lib6config2ui5testss_30test_ui_config_serde_roundtrip
FNDA:1,_RNvNtNtNtCs4nX8Bln9QYa_13autoortho_lib6config2ui5testss_36test_ui_config_reset_window_position
FNDA:1,_RNvNtNtNtCs4nX8Bln9QYa_13autoortho_lib6config2ui5testss_37test_ui_config_validate_invalid_scale
FNDA:1,_RNvNtNtNtCs4nX8Bln9QYa_13autoortho_lib6config2ui5testss_44test_ui_config_validate_invalid_log_rotation
FNDA:1,_RNvMs_NtNtCs4nX8Bln9QYa_13autoortho_lib6config2uiNtB4_8UiConfig21reset_window_position
FNDA:9,_RNvMs_NtNtCs4nX8Bln9QYa_13autoortho_lib6config2uiNtB4_8UiConfig8validate
FNDA:45,_RNvNtNtCs4nX8Bln9QYa_13autoortho_lib6config2ui16default_ui_scale
FNDA:45,_RNvNtNtCs4nX8Bln9QYa_13autoortho_lib6config2ui20default_log_rotation
FNDA:8,_RNvNtNtCs4nX8Bln9QYa_13autoortho_lib6config2ui21validate_log_rotation
FNDA:45,_RNvXNtNtCs4nX8Bln9QYa_13autoortho_lib6config2uiNtB2_8UiConfigNtNtCsl8K0bEFm1U0_4core7default7Default7default
FNF:12
FNH:12
DA:28,46
DA:29,46
DA:30,46
DA:31,46
DA:32,46
DA:33,46
DA:34,46
DA:35,46
DA:36,46
DA:37,46
DA:38,46
DA:42,9
DA:43,9
DA:44,1
DA:45,1
DA:46,1
DA:47,1
DA:48,1
DA:49,1
DA:50,8
DA:51,8
DA:52,5
DA:53,9
DA:56,1
DA:57,1
DA:58,1
DA:59,1
DA:60,1
DA:61,1
DA:64,46
DA:65,46
DA:66,46
DA:68,46
DA:69,46
DA:70,46
DA:72,8
DA:73,8
DA:74,8
DA:75,3
DA:76,3
DA:77,3
DA:78,3
DA:79,3
DA:80,3
DA:81,3
DA:83,8
DA:90,1
DA:91,1
DA:92,1
DA:93,1
DA:94,1
DA:95,1
DA:96,1
DA:99,1
DA:100,1
DA:101,1
DA:102,1
DA:105,1
DA:106,1
DA:107,1
DA:108,1
DA:109,1
DA:112,1
DA:113,1
DA:114,1
DA:115,1
DA:116,1
DA:119,1
DA:120,1
DA:121,1
DA:122,1
DA:123,1
DA:124,1
DA:125,1
DA:126,1
DA:127,1
DA:128,1
DA:129,1
DA:130,1
DA:133,1
DA:134,1
DA:135,1
DA:136,1
DA:137,1
DA:138,1
BRF:0
BRH:0
LF:85
LH:85
end_of_record
SF:/Users/frode/Programming/rust/autoortho-rs/src/dynamic_zoom.rs
FN:19,_RNCNvMNtCs3QhePZjA2DC_13autoortho_lib12dynamic_zoomNtB4_11DynamicZoom3new0B6_
FN:24,_RNCNvMNtCs3QhePZjA2DC_13autoortho_lib12dynamic_zoomNtB4_11DynamicZoom3news0_0B6_
FN:88,_RNvMNtCs3QhePZjA2DC_13autoortho_lib12dynamic_zoomNtB2_11DynamicZoom10zoom_rules
FN:96,_RNvMNtCs3QhePZjA2DC_13autoortho_lib12dynamic_zoomNtB2_11DynamicZoom14validate_rules
FN:92,_RNvMNtCs3QhePZjA2DC_13autoortho_lib12dynamic_zoomNtB2_11DynamicZoom17provider_max_zoom
FN:32,_RNvMNtCs3QhePZjA2DC_13autoortho_lib12dynamic_zoomNtB2_11DynamicZoom21zoom_for_altitude_agl
FN:60,_RNvMNtCs3QhePZjA2DC_13autoortho_lib12dynamic_zoomNtB2_11DynamicZoom26lowest_agl_altitude_nearby
FN:42,_RNvMNtCs3QhePZjA2DC_13autoortho_lib12dynamic_zoomNtB2_11DynamicZoom31zoom_for_position_with_simbrief
FN:16,_RNvMNtCs3QhePZjA2DC_13autoortho_lib12dynamic_zoomNtB2_11DynamicZoom3new
FN:84,_RNvMNtCs3QhePZjA2DC_13autoortho_lib12dynamic_zoomNtB2_11DynamicZoom8max_zoom
FN:113,_RNvXs_NtCs3QhePZjA2DC_13autoortho_lib12dynamic_zoomNtB4_11DynamicZoomNtNtCsl8K0bEFm1U0_4core7default7Default7default
FN:96,_RNvMNtCs4nX8Bln9QYa_13autoortho_lib12dynamic_zoomNtB2_11DynamicZoom14validate_rules
FN:84,_RNvMNtCs4nX8Bln9QYa_13autoortho_lib12dynamic_zoomNtB2_11DynamicZoom8max_zoom
FN:19,_RNCNvMNtCs4nX8Bln9QYa_13autoortho_lib12dynamic_zoomNtB4_11DynamicZoom3new0B6_
FN:24,_RNCNvMNtCs4nX8Bln9QYa_13autoortho_lib12dynamic_zoomNtB4_11DynamicZoom3news0_0B6_
FN:88,_RNvMNtCs4nX8Bln9QYa_13autoortho_lib12dynamic_zoomNtB2_11DynamicZoom10zoom_rules
FN:92,_RNvMNtCs4nX8Bln9QYa_13autoortho_lib12dynamic_zoomNtB2_11DynamicZoom17provider_max_zoom
FN:32,_RNvMNtCs4nX8Bln9QYa_13autoortho_lib12dynamic_zoomNtB2_11DynamicZoom21zoom_for_altitude_agl
FN:60,_RNvMNtCs4nX8Bln9QYa_13autoortho_lib12dynamic_zoomNtB2_11DynamicZoom26lowest_agl_altitude_nearby
FN:42,_RNvMNtCs4nX8Bln9QYa_13autoortho_lib12dynamic_zoomNtB2_11DynamicZoom31zoom_for_position_with_simbrief
FN:16,_RNvMNtCs4nX8Bln9QYa_13autoortho_lib12dynamic_zoomNtB2_11DynamicZoom3new
FN:113,_RNvXs_NtCs4nX8Bln9QYa_13autoortho_lib12dynamic_zoomNtB4_11DynamicZoomNtNtCsl8K0bEFm1U0_4core7default7Default7default
FN:162,_RNvNtNtCs4nX8Bln9QYa_13autoortho_lib12dynamic_zoom5testss_21test_rules_are_sorted
FN:185,_RNvNtNtCs4nX8Bln9QYa_13autoortho_lib12dynamic_zoom5testss_22test_provider_max_zoom
FN:135,_RNvNtNtCs4nX8Bln9QYa_13autoortho_lib12dynamic_zoom5testss_25test_dynamic_zoom_default
FN:142,_RNvNtNtCs4nX8Bln9QYa_13autoortho_lib12dynamic_zoom5testss_30test_zoom_for_altitude_agl_low
FN:149,_RNvNtNtCs4nX8Bln9QYa_13autoortho_lib12dynamic_zoom5testss_31test_zoom_for_altitude_agl_high
FN:155,_RNvNtNtCs4nX8Bln9QYa_13autoortho_lib12dynamic_zoom5testss_35test_zoom_for_altitude_agl_boundary
FN:252,_RNvNtNtCs4nX8Bln9QYa_13autoortho_lib12dynamic_zoom5testss_44test_zoom_for_position_with_simbrief_no_plan
FN:194,_RNvNtNtCs4nX8Bln9QYa_13autoortho_lib12dynamic_zoom5testss_50test_zoom_for_position_with_simbrief_uses_simbrief
FN:223,_RNvNtNtCs4nX8Bln9QYa_13autoortho_lib12dynamic_zoom5testss_56test_zoom_for_position_with_simbrief_fallback_to_dataref
FNDA:0,_RNCNvMNtCs3QhePZjA2DC_13autoortho_lib12dynamic_zoomNtB4_11DynamicZoom3new0B6_
FNDA:0,_RNCNvMNtCs3QhePZjA2DC_13autoortho_lib12dynamic_zoomNtB4_11DynamicZoom3news0_0B6_
FNDA:0,_RNvMNtCs3QhePZjA2DC_13autoortho_lib12dynamic_zoomNtB2_11DynamicZoom10zoom_rules
FNDA:0,_RNvMNtCs3QhePZjA2DC_13autoortho_lib12dynamic_zoomNtB2_11DynamicZoom14validate_rules
FNDA:0,_RNvMNtCs3QhePZjA2DC_13autoortho_lib12dynamic_zoomNtB2_11DynamicZoom17provider_max_zoom
FNDA:0,_RNvMNtCs3QhePZjA2DC_13autoortho_lib12dynamic_zoomNtB2_11DynamicZoom21zoom_for_altitude_agl
FNDA:0,_RNvMNtCs3QhePZjA2DC_13autoortho_lib12dynamic_zoomNtB2_11DynamicZoom26lowest_agl_altitude_nearby
FNDA:0,_RNvMNtCs3QhePZjA2DC_13autoortho_lib12dynamic_zoomNtB2_11DynamicZoom31zoom_for_position_with_simbrief
FNDA:0,_RNvMNtCs3QhePZjA2DC_13autoortho_lib12dynamic_zoomNtB2_11DynamicZoom3new
FNDA:0,_RNvMNtCs3QhePZjA2DC_13autoortho_lib12dynamic_zoomNtB2_11DynamicZoom8max_zoom
FNDA:0,_RNvXs_NtCs3QhePZjA2DC_13autoortho_lib12dynamic_zoomNtB4_11DynamicZoomNtNtCsl8K0bEFm1U0_4core7default7Default7default
FNDA:0,_RNvMNtCs4nX8Bln9QYa_13autoortho_lib12dynamic_zoomNtB2_11DynamicZoom14validate_rules
FNDA:0,_RNvMNtCs4nX8Bln9QYa_13autoortho_lib12dynamic_zoomNtB2_11DynamicZoom8max_zoom
FNDA:27,_RNCNvMNtCs4nX8Bln9QYa_13autoortho_lib12dynamic_zoomNtB4_11DynamicZoom3new0B6_
FNDA:10,_RNCNvMNtCs4nX8Bln9QYa_13autoortho_lib12dynamic_zoomNtB4_11DynamicZoom3news0_0B6_
FNDA:1,_RNvMNtCs4nX8Bln9QYa_13autoortho_lib12dynamic_zoomNtB2_11DynamicZoom10zoom_rules
FNDA:2,_RNvMNtCs4nX8Bln9QYa_13autoortho_lib12dynamic_zoomNtB2_11DynamicZoom17provider_max_zoom
FNDA:8,_RNvMNtCs4nX8Bln9QYa_13autoortho_lib12dynamic_zoomNtB2_11DynamicZoom21zoom_for_altitude_agl
FNDA:2,_RNvMNtCs4nX8Bln9QYa_13autoortho_lib12dynamic_zoomNtB2_11DynamicZoom26lowest_agl_altitude_nearby
FNDA:3,_RNvMNtCs4nX8Bln9QYa_13autoortho_lib12dynamic_zoomNtB2_11DynamicZoom31zoom_for_position_with_simbrief
FNDA:10,_RNvMNtCs4nX8Bln9QYa_13autoortho_lib12dynamic_zoomNtB2_11DynamicZoom3new
FNDA:7,_RNvXs_NtCs4nX8Bln9QYa_13autoortho_lib12dynamic_zoomNtB4_11DynamicZoomNtNtCsl8K0bEFm1U0_4core7default7Default7default
FNDA:1,_RNvNtNtCs4nX8Bln9QYa_13autoortho_lib12dynamic_zoom5testss_21test_rules_are_sorted
FNDA:1,_RNvNtNtCs4nX8Bln9QYa_13autoortho_lib12dynamic_zoom5testss_22test_provider_max_zoom
FNDA:1,_RNvNtNtCs4nX8Bln9QYa_13autoortho_lib12dynamic_zoom5testss_25test_dynamic_zoom_default
FNDA:1,_RNvNtNtCs4nX8Bln9QYa_13autoortho_lib12dynamic_zoom5testss_30test_zoom_for_altitude_agl_low
FNDA:1,_RNvNtNtCs4nX8Bln9QYa_13autoortho_lib12dynamic_zoom5testss_31test_zoom_for_altitude_agl_high
FNDA:1,_RNvNtNtCs4nX8Bln9QYa_13autoortho_lib12dynamic_zoom5testss_35test_zoom_for_altitude_agl_boundary
FNDA:1,_RNvNtNtCs4nX8Bln9QYa_13autoortho_lib12dynamic_zoom5testss_44test_zoom_for_position_with_simbrief_no_plan
FNDA:1,_RNvNtNtCs4nX8Bln9QYa_13autoortho_lib12dynamic_zoom5testss_50test_zoom_for_position_with_simbrief_uses_simbrief
FNDA:1,_RNvNtNtCs4nX8Bln9QYa_13autoortho_lib12dynamic_zoom5testss_56test_zoom_for_position_with_simbrief_fallback_to_dataref
FNF:20
FNH:18
DA:16,10
DA:17,10
DA:18,10
DA:19,27
DA:20,10
DA:21,10
DA:23,10
DA:24,10
DA:26,10
DA:27,10
DA:28,10
DA:29,10
DA:30,10
DA:32,8
DA:33,8
DA:34,16
DA:35,16
DA:36,11
DA:37,11
DA:39,8
DA:40,8
DA:42,3
DA:43,3
DA:44,3
DA:45,3
DA:46,3
DA:47,3
DA:48,3
DA:49,3
DA:50,3
DA:51,2
DA:52,2
DA:53,2
DA:54,1
DA:55,1
DA:56,1
DA:57,2
DA:58,3
DA:60,2
DA:61,2
DA:62,2
DA:63,2
DA:64,2
DA:65,2
DA:66,2
DA:67,2
DA:69,2
DA:70,2
DA:71,2
DA:72,1
DA:73,0
DA:74,1
DA:75,0
DA:76,0
DA:78,1
DA:81,2
DA:82,2
DA:84,0
DA:85,0
DA:86,0
DA:88,1
DA:89,1
DA:90,1
DA:92,2
DA:93,2
DA:94,2
DA:96,0
DA:97,0
DA:99,0
DA:100,0
DA:101,0
DA:102,0
DA:103,0
DA:104,0
DA:105,0
DA:108,0
DA:109,0
DA:113,7
DA:114,7
DA:115,7
DA:116,7
DA:117,7
DA:118,7
DA:119,7
DA:120,7
DA:121,7
DA:122,7
DA:123,7
DA:125,7
DA:127,7
DA:135,1
DA:136,1
DA:137,1
DA:138,1
DA:139,1
DA:142,1
DA:143,1
DA:144,1
DA:145,1
DA:146,1
DA:149,1
DA:150,1
DA:151,1
DA:152,1
DA:155,1
DA:156,1
DA:157,1
DA:158,1
DA:159,1
DA:162,1
DA:163,1
DA:164,1
DA:165,1
DA:166,1
DA:167,1
DA:168,1
DA:169,1
DA:170,1
DA:171,1
DA:172,1
DA:173,1
DA:174,1
DA:175,1
DA:177,1
DA:178,1
DA:179,1
DA:180,1
DA:181,1
DA:182,1
DA:185,1
DA:186,1
DA:187,1
DA:189,1
DA:190,1
DA:191,1
DA:194,1
DA:197,1
DA:198,1
DA:199,1
DA:200,1
DA:201,1
DA:202,1
DA:203,1
DA:204,1
DA:205,1
DA:206,1
DA:207,1
DA:208,1
DA:209,1
DA:210,1
DA:211,1
DA:212,1
DA:213,1
DA:214,1
DA:215,1
DA:216,1
DA:218,1
DA:219,1
DA:220,1
DA:223,1
DA:226,1
DA:227,1
DA:228,1
DA:229,1
DA:230,1
DA:231,1
DA:232,1
DA:233,1
DA:234,1
DA:235,1
DA:236,1
DA:237,1
DA:238,1
DA:239,1
DA:240,1
DA:241,1
DA:242,1
DA:243,1
DA:244,1
DA:245,1
DA:247,1
DA:248,1
DA:249,1
DA:252,1
DA:253,1
DA:255,1
DA:256,1
DA:257,1
BRF:0
BRH:0
LF:190
LH:173
end_of_record
SF:/Users/frode/Programming/rust/autoortho-rs/src/errors.rs
FN:94,_RNvMs1_NtCs3QhePZjA2DC_13autoortho_lib6errorsNtB5_15RateLimitConfig8validate
FN:45,_RNvNtCs3QhePZjA2DC_13autoortho_lib6errors14validate_range
FN:58,_RNvNtCs3QhePZjA2DC_13autoortho_lib6errors18validate_f32_range
FN:69,_RNvNtCs3QhePZjA2DC_13autoortho_lib6errors21validate_log_rotation
FN:27,_RNvXNtCs3QhePZjA2DC_13autoortho_lib6errorsNtB2_11ConfigErrorNtNtCsl8K0bEFm1U0_4core3fmt7Display3fmt
FN:86,_RNvXs0_NtCs3QhePZjA2DC_13autoortho_lib6errorsNtB5_15RateLimitConfigNtNtCsl8K0bEFm1U0_4core7default7Default7default
FN:172,_RNvNtNtCs4nX8Bln9QYa_13autoortho_lib6errors5testss_25test_config_error_display
FN:110,_RNvNtNtCs4nX8Bln9QYa_13autoortho_lib6errors5testss_25test_validate_range_valid
FN:117,_RNvNtNtCs4nX8Bln9QYa_13autoortho_lib6errors5testss_27test_validate_range_invalid
FN:125,_RNvNtNtCs4nX8Bln9QYa_13autoortho_lib6errors5testss_29test_validate_f32_range_valid
FN:132,_RNvNtNtCs4nX8Bln9QYa_13autoortho_lib6errors5testss_31test_validate_f32_range_invalid
FN:138,_RNvNtNtCs4nX8Bln9QYa_13autoortho_lib6errors5testss_32test_validate_log_rotation_valid
FN:145,_RNvNtNtCs4nX8Bln9QYa_13autoortho_lib6errors5testss_34test_validate_log_rotation_invalid
FN:151,_RNvNtNtCs4nX8Bln9QYa_13autoortho_lib6errors5testss_37test_rate_limit_config_validate_valid
FN:161,_RNvNtNtCs4nX8Bln9QYa_13autoortho_lib6errors5testss_39test_rate_limit_config_validate_invalid
FN:94,_RNvMs1_NtCs4nX8Bln9QYa_13autoortho_lib6errorsNtB5_15RateLimitConfig8validate
FN:45,_RNvNtCs4nX8Bln9QYa_13autoortho_lib6errors14validate_range
FN:58,_RNvNtCs4nX8Bln9QYa_13autoortho_lib6errors18validate_f32_range
FN:69,_RNvNtCs4nX8Bln9QYa_13autoortho_lib6errors21validate_log_rotation
FN:27,_RNvXNtCs4nX8Bln9QYa_13autoortho_lib6errorsNtB2_11ConfigErrorNtNtCsl8K0bEFm1U0_4core3fmt7Display3fmt
FN:86,_RNvXs0_NtCs4nX8Bln9QYa_13autoortho_lib6errorsNtB5_15RateLimitConfigNtNtCsl8K0bEFm1U0_4core7default7Default7default
FNDA:0,_RNvMs1_NtCs3QhePZjA2DC_13autoortho_lib6errorsNtB5_15RateLimitConfig8validate
FNDA:0,_RNvNtCs3QhePZjA2DC_13autoortho_lib6errors14validate_range
FNDA:0,_RNvNtCs3QhePZjA2DC_13autoortho_lib6errors18validate_f32_range
FNDA:0,_RNvNtCs3QhePZjA2DC_13autoortho_lib6errors21validate_log_rotation
FNDA:0,_RNvXNtCs3QhePZjA2DC_13autoortho_lib6errorsNtB2_11ConfigErrorNtNtCsl8K0bEFm1U0_4core3fmt7Display3fmt
FNDA:1,_RNvXs0_NtCs3QhePZjA2DC_13autoortho_lib6errorsNtB5_15RateLimitConfigNtNtCsl8K0bEFm1U0_4core7default7Default7default
FNDA:1,_RNvNtNtCs4nX8Bln9QYa_13autoortho_lib6errors5testss_25test_config_error_display
FNDA:1,_RNvNtNtCs4nX8Bln9QYa_13autoortho_lib6errors5testss_25test_validate_range_valid
FNDA:1,_RNvNtNtCs4nX8Bln9QYa_13autoortho_lib6errors5testss_27test_validate_range_invalid
FNDA:1,_RNvNtNtCs4nX8Bln9QYa_13autoortho_lib6errors5testss_29test_validate_f32_range_valid
FNDA:1,_RNvNtNtCs4nX8Bln9QYa_13autoortho_lib6errors5testss_31test_validate_f32_range_invalid
FNDA:1,_RNvNtNtCs4nX8Bln9QYa_13autoortho_lib6errors5testss_32test_validate_log_rotation_valid
FNDA:1,_RNvNtNtCs4nX8Bln9QYa_13autoortho_lib6errors5testss_34test_validate_log_rotation_invalid
FNDA:1,_RNvNtNtCs4nX8Bln9QYa_13autoortho_lib6errors5testss_37test_rate_limit_config_validate_valid
FNDA:1,_RNvNtNtCs4nX8Bln9QYa_13autoortho_lib6errors5testss_39test_rate_limit_config_validate_invalid
FNDA:4,_RNvMs1_NtCs4nX8Bln9QYa_13autoortho_lib6errorsNtB5_15RateLimitConfig8validate
FNDA:43,_RNvNtCs4nX8Bln9QYa_13autoortho_lib6errors14validate_range
FNDA:20,_RNvNtCs4nX8Bln9QYa_13autoortho_lib6errors18validate_f32_range
FNDA:5,_RNvNtCs4nX8Bln9QYa_13autoortho_lib6errors21validate_log_rotation
FNDA:2,_RNvXNtCs4nX8Bln9QYa_13autoortho_lib6errorsNtB2_11ConfigErrorNtNtCsl8K0bEFm1U0_4core3fmt7Display3fmt
FNDA:48,_RNvXs0_NtCs4nX8Bln9QYa_13autoortho_lib6errorsNtB5_15RateLimitConfigNtNtCsl8K0bEFm1U0_4core7default7Default7default
FNF:15
FNH:15
DA:27,2
DA:28,2
DA:29,1
DA:31,1
DA:32,1
DA:33,1
DA:34,1
DA:36,1
DA:39,2
DA:45,43
DA:46,43
DA:47,5
DA:48,5
DA:49,5
DA:50,5
DA:51,5
DA:52,5
DA:53,38
DA:54,38
DA:55,43
DA:58,20
DA:59,20
DA:60,3
DA:61,3
DA:62,3
DA:63,3
DA:64,17
DA:65,17
DA:66,20
DA:69,5
DA:70,5
DA:71,5
DA:72,2
DA:73,2
DA:74,2
DA:75,2
DA:77,5
DA:86,49
DA:87,49
DA:88,49
DA:89,49
DA:90,49
DA:94,4
DA:95,4
DA:96,2
DA:97,2
DA:98,2
DA:99,2
DA:100,2
DA:101,2
DA:102,4
DA:110,1
DA:111,1
DA:112,1
DA:113,1
DA:114,1
DA:117,1
DA:118,1
DA:119,1
DA:120,1
DA:121,1
DA:122,1
DA:125,1
DA:126,1
DA:127,1
DA:128,1
DA:129,1
DA:132,1
DA:133,1
DA:134,1
DA:135,1
DA:138,1
DA:139,1
DA:140,1
DA:141,1
DA:142,1
DA:145,1
DA:146,1
DA:147,1
DA:148,1
DA:151,1
DA:152,1
DA:153,1
DA:155,1
DA:156,1
DA:157,1
DA:158,1
DA:161,1
DA:162,1
DA:163,1
DA:164,1
DA:166,1
DA:167,1
DA:168,1
DA:169,1
DA:172,1
DA:173,1
DA:174,1
DA:175,1
DA:176,1
DA:177,1
DA:179,1
DA:180,1
DA:181,1
DA:182,1
DA:183,1
DA:184,1
DA:185,1
DA:186,1
BRF:0
BRH:0
LF:109
LH:109
end_of_record
SF:/Users/frode/Programming/rust/autoortho-rs/src/fuse/filesystem.rs
FN:207,_RNCNvMs_NtNtCs3QhePZjA2DC_13autoortho_lib4fuse10filesystemNtB6_13DdsFileSystem14is_dir_in_root0Ba_
FN:140,_RNCNvMs_NtNtCs3QhePZjA2DC_13autoortho_lib4fuse10filesystemNtB6_13DdsFileSystem8get_attr0Ba_
FN:182,_RNCNvMs_NtNtCs3QhePZjA2DC_13autoortho_lib4fuse10filesystemNtB6_13DdsFileSystem8read_dds0Ba_
FN:89,_RNvMNtNtCs3QhePZjA2DC_13autoortho_lib4fuse10filesystemNtB2_20DdsFileSystemBuilder10custom_map
FN:79,_RNvMNtNtCs3QhePZjA2DC_13autoortho_lib4fuse10filesystemNtB2_20DdsFileSystemBuilder10disk_cache
FN:74,_RNvMNtNtCs3QhePZjA2DC_13autoortho_lib4fuse10filesystemNtB2_20DdsFileSystemBuilder13cache_entries
FN:64,_RNvMNtNtCs3QhePZjA2DC_13autoortho_lib4fuse10filesystemNtB2_20DdsFileSystemBuilder13tile_progress
FN:94,_RNvMNtNtCs3QhePZjA2DC_13autoortho_lib4fuse10filesystemNtB2_20DdsFileSystemBuilder16fallback_service
FN:51,_RNvMNtNtCs3QhePZjA2DC_13autoortho_lib4fuse10filesystemNtB2_20DdsFileSystemBuilder3new
FN:84,_RNvMNtNtCs3QhePZjA2DC_13autoortho_lib4fuse10filesystemNtB2_20DdsFileSystemBuilder4root
FN:99,_RNvMNtNtCs3QhePZjA2DC_13autoortho_lib4fuse10filesystemNtB2_20DdsFileSystemBuilder5build
FN:69,_RNvMNtNtCs3QhePZjA2DC_13autoortho_lib4fuse10filesystemNtB2_20DdsFileSystemBuilder5stats
FN:295,_RNvMs0_NtNtCs3QhePZjA2DC_13autoortho_lib4fuse10filesystemNtB5_8FileAttr4file
FN:288,_RNvMs0_NtNtCs3QhePZjA2DC_13autoortho_lib4fuse10filesystemNtB5_8FileAttr9directory
FN:260,_RNvMs_NtNtCs3QhePZjA2DC_13autoortho_lib4fuse10filesystemNtB4_13DdsFileSystem11cache_stats
FN:248,_RNvMs_NtNtCs3QhePZjA2DC_13autoortho_lib4fuse10filesystemNtB4_13DdsFileSystem11clear_cache
FN:204,_RNvMs_NtNtCs3QhePZjA2DC_13autoortho_lib4fuse10filesystemNtB4_13DdsFileSystem14is_dir_in_root
FN:130,_RNvMs_NtNtCs3QhePZjA2DC_13autoortho_lib4fuse10filesystemNtB4_13DdsFileSystem20night_exclusion_flag
FN:199,_RNvMs_NtNtCs3QhePZjA2DC_13autoortho_lib4fuse10filesystemNtB4_13DdsFileSystem21disk_cache_size_bytes
FN:135,_RNvMs_NtNtCs3QhePZjA2DC_13autoortho_lib4fuse10filesystemNtB4_13DdsFileSystem6format
FN:123,_RNvMs_NtNtCs3QhePZjA2DC_13autoortho_lib4fuse10filesystemNtB4_13DdsFileSystem7builder
FN:189,_RNvMs_NtNtCs3QhePZjA2DC_13autoortho_lib4fuse10filesystemNtB4_13DdsFileSystem7has_dds
FN:140,_RNvMs_NtNtCs3QhePZjA2DC_13autoortho_lib4fuse10filesystemNtB4_13DdsFileSystem8get_attr
FN:211,_RNvMs_NtNtCs3QhePZjA2DC_13autoortho_lib4fuse10filesystemNtB4_13DdsFileSystem8list_dir
FN:182,_RNvMs_NtNtCs3QhePZjA2DC_13autoortho_lib4fuse10filesystemNtB4_13DdsFileSystem8read_dds
FN:255,_RNvMs_NtNtCs3QhePZjA2DC_13autoortho_lib4fuse10filesystemNtB4_13DdsFileSystem9cache_len
FN:308,_RNvNtNtNtCs4nX8Bln9QYa_13autoortho_lib4fuse10filesystem5tests7make_fs
FN:315,_RNvNtNtNtCs4nX8Bln9QYa_13autoortho_lib4fuse10filesystem5testss_18test_get_attr_root
FN:359,_RNvNtNtNtCs4nX8Bln9QYa_13autoortho_lib4fuse10filesystem5testss_18test_list_dir_root
FN:344,_RNvNtNtNtCs4nX8Bln9QYa_13autoortho_lib4fuse10filesystem5testss_20test_get_attr_marker
FN:337,_RNvNtNtNtCs4nX8Bln9QYa_13autoortho_lib4fuse10filesystem5testss_20test_get_attr_poison
FN:513,_RNvNtNtNtCs4nX8Bln9QYa_13autoortho_lib4fuse10filesystem5testss_21test_cache_operations
FN:352,_RNvNtNtNtCs4nX8Bln9QYa_13autoortho_lib4fuse10filesystem5testss_21test_get_attr_invalid
FN:507,_RNvNtNtNtCs4nX8Bln9QYa_13autoortho_lib4fuse10filesystem5testss_21test_list_dir_invalid
FN:329,_RNvNtNtNtCs4nX8Bln9QYa_13autoortho_lib4fuse10filesystem5testss_22test_get_attr_dds_file
FN:500,_RNvNtNtNtCs4nX8Bln9QYa_13autoortho_lib4fuse10filesystem5testss_22test_list_dir_textures
FN:521,_RNvNtNtNtCs4nX8Bln9QYa_13autoortho_lib4fuse10filesystem5testss_23test_get_attr_with_root
FN:322,_RNvNtNtNtCs4nX8Bln9QYa_13autoortho_lib4fuse10filesystem5testss_25test_get_attr_virtual_dir
FN:544,_RNvNtNtNtCs4nX8Bln9QYa_13autoortho_lib4fuse10filesystem5testss_34test_list_dir_root_with_real_files
FN:368,_RNvNtNtNtCs4nX8Bln9QYa_13autoortho_lib4fuse10filesystem5testss_36test_list_dir_root_with_pass_through
FN:590,_RNvNtNtNtCs4nX8Bln9QYa_13autoortho_lib4fuse10filesystem5testss_38test_fallback_used_on_provider_failure
FN:563,_RNvNtNtNtCs4nX8Bln9QYa_13autoortho_lib4fuse10filesystem5testss_38test_stats_records_cache_hit_via_trait
FN:400,_RNvNtNtNtCs4nX8Bln9QYa_13autoortho_lib4fuse10filesystem5testss_42test_list_dir_replicated_install_structure
FN:260,_RNvMs_NtNtCs4nX8Bln9QYa_13autoortho_lib4fuse10filesystemNtB4_13DdsFileSystem11cache_stats
FN:130,_RNvMs_NtNtCs4nX8Bln9QYa_13autoortho_lib4fuse10filesystemNtB4_13DdsFileSystem20night_exclusion_flag
FN:199,_RNvMs_NtNtCs4nX8Bln9QYa_13autoortho_lib4fuse10filesystemNtB4_13DdsFileSystem21disk_cache_size_bytes
FN:135,_RNvMs_NtNtCs4nX8Bln9QYa_13autoortho_lib4fuse10filesystemNtB4_13DdsFileSystem6format
FN:189,_RNvMs_NtNtCs4nX8Bln9QYa_13autoortho_lib4fuse10filesystemNtB4_13DdsFileSystem7has_dds
FN:207,_RNCNvMs_NtNtCs4nX8Bln9QYa_13autoortho_lib4fuse10filesystemNtB6_13DdsFileSystem14is_dir_in_root0Ba_
FN:140,_RNCNvMs_NtNtCs4nX8Bln9QYa_13autoortho_lib4fuse10filesystemNtB6_13DdsFileSystem8get_attr0Ba_
FN:182,_RNCNvMs_NtNtCs4nX8Bln9QYa_13autoortho_lib4fuse10filesystemNtB6_13DdsFileSystem8read_dds0Ba_
FN:89,_RNvMNtNtCs4nX8Bln9QYa_13autoortho_lib4fuse10filesystemNtB2_20DdsFileSystemBuilder10custom_map
FN:79,_RNvMNtNtCs4nX8Bln9QYa_13autoortho_lib4fuse10filesystemNtB2_20DdsFileSystemBuilder10disk_cache
FN:74,_RNvMNtNtCs4nX8Bln9QYa_13autoortho_lib4fuse10filesystemNtB2_20DdsFileSystemBuilder13cache_entries
FN:64,_RNvMNtNtCs4nX8Bln9QYa_13autoortho_lib4fuse10filesystemNtB2_20DdsFileSystemBuilder13tile_progress
FN:94,_RNvMNtNtCs4nX8Bln9QYa_13autoortho_lib4fuse10filesystemNtB2_20DdsFileSystemBuilder16fallback_service
FN:51,_RNvMNtNtCs4nX8Bln9QYa_13autoortho_lib4fuse10filesystemNtB2_20DdsFileSystemBuilder3new
FN:84,_RNvMNtNtCs4nX8Bln9QYa_13autoortho_lib4fuse10filesystemNtB2_20DdsFileSystemBuilder4root
FN:99,_RNvMNtNtCs4nX8Bln9QYa_13autoortho_lib4fuse10filesystemNtB2_20DdsFileSystemBuilder5build
FN:69,_RNvMNtNtCs4nX8Bln9QYa_13autoortho_lib4fuse10filesystemNtB2_20DdsFileSystemBuilder5stats
FN:295,_RNvMs0_NtNtCs4nX8Bln9QYa_13autoortho_lib4fuse10filesystemNtB5_8FileAttr4file
FN:288,_RNvMs0_NtNtCs4nX8Bln9QYa_13autoortho_lib4fuse10filesystemNtB5_8FileAttr9directory
FN:248,_RNvMs_NtNtCs4nX8Bln9QYa_13autoortho_lib4fuse10filesystemNtB4_13DdsFileSystem11clear_cache
FN:204,_RNvMs_NtNtCs4nX8Bln9QYa_13autoortho_lib4fuse10filesystemNtB4_13DdsFileSystem14is_dir_in_root
FN:123,_RNvMs_NtNtCs4nX8Bln9QYa_13autoortho_lib4fuse10filesystemNtB4_13DdsFileSystem7builder
FN:140,_RNvMs_NtNtCs4nX8Bln9QYa_13autoortho_lib4fuse10filesystemNtB4_13DdsFileSystem8get_attr
FN:211,_RNvMs_NtNtCs4nX8Bln9QYa_13autoortho_lib4fuse10filesystemNtB4_13DdsFileSystem8list_dir
FN:182,_RNvMs_NtNtCs4nX8Bln9QYa_13autoortho_lib4fuse10filesystemNtB4_13DdsFileSystem8read_dds
FN:255,_RNvMs_NtNtCs4nX8Bln9QYa_13autoortho_lib4fuse10filesystemNtB4_13DdsFileSystem9cache_len
FN:315,_RNCNvNtNtNtCs4nX8Bln9QYa_13autoortho_lib4fuse10filesystem5testss_18test_get_attr_root0B9_
FN:344,_RNCNvNtNtNtCs4nX8Bln9QYa_13autoortho_lib4fuse10filesystem5testss_20test_get_attr_marker0B9_
FN:337,_RNCNvNtNtNtCs4nX8Bln9QYa_13autoortho_lib4fuse10filesystem5testss_20test_get_attr_poison0B9_
FN:352,_RNCNvNtNtNtCs4nX8Bln9QYa_13autoortho_lib4fuse10filesystem5testss_21test_get_attr_invalid0B9_
FN:329,_RNCNvNtNtNtCs4nX8Bln9QYa_13autoortho_lib4fuse10filesystem5testss_22test_get_attr_dds_file0B9_
FN:521,_RNCNvNtNtNtCs4nX8Bln9QYa_13autoortho_lib4fuse10filesystem5testss_23test_get_attr_with_root0B9_
FN:322,_RNCNvNtNtNtCs4nX8Bln9QYa_13autoortho_lib4fuse10filesystem5testss_25test_get_attr_virtual_dir0B9_
FN:590,_RNCNvNtNtNtCs4nX8Bln9QYa_13autoortho_lib4fuse10filesystem5testss_38test_fallback_used_on_provider_failure0B9_
FN:563,_RNCNvNtNtNtCs4nX8Bln9QYa_13autoortho_lib4fuse10filesystem5testss_38test_stats_records_cache_hit_via_trait0B9_
FN:400,_RNCNvNtNtNtCs4nX8Bln9QYa_13autoortho_lib4fuse10filesystem5testss_42test_list_dir_replicated_install_structure0B9_
FNDA:0,_RNCNvMs_NtNtCs3QhePZjA2DC_13autoortho_lib4fuse10filesystemNtB6_13DdsFileSystem14is_dir_in_root0Ba_
FNDA:0,_RNCNvMs_NtNtCs3QhePZjA2DC_13autoortho_lib4fuse10filesystemNtB6_13DdsFileSystem8get_attr0Ba_
FNDA:0,_RNCNvMs_NtNtCs3QhePZjA2DC_13autoortho_lib4fuse10filesystemNtB6_13DdsFileSystem8read_dds0Ba_
FNDA:0,_RNvMNtNtCs3QhePZjA2DC_13autoortho_lib4fuse10filesystemNtB2_20DdsFileSystemBuilder10custom_map
FNDA:0,_RNvMNtNtCs3QhePZjA2DC_13autoortho_lib4fuse10filesystemNtB2_20DdsFileSystemBuilder10disk_cache
FNDA:0,_RNvMNtNtCs3QhePZjA2DC_13autoortho_lib4fuse10filesystemNtB2_20DdsFileSystemBuilder13cache_entries
FNDA:0,_RNvMNtNtCs3QhePZjA2DC_13autoortho_lib4fuse10filesystemNtB2_20DdsFileSystemBuilder13tile_progress
FNDA:0,_RNvMNtNtCs3QhePZjA2DC_13autoortho_lib4fuse10filesystemNtB2_20DdsFileSystemBuilder16fallback_service
FNDA:0,_RNvMNtNtCs3QhePZjA2DC_13autoortho_lib4fuse10filesystemNtB2_20DdsFileSystemBuilder3new
FNDA:0,_RNvMNtNtCs3QhePZjA2DC_13autoortho_lib4fuse10filesystemNtB2_20DdsFileSystemBuilder4root
FNDA:0,_RNvMNtNtCs3QhePZjA2DC_13autoortho_lib4fuse10filesystemNtB2_20DdsFileSystemBuilder5build
FNDA:0,_RNvMNtNtCs3QhePZjA2DC_13autoortho_lib4fuse10filesystemNtB2_20DdsFileSystemBuilder5stats
FNDA:0,_RNvMs0_NtNtCs3QhePZjA2DC_13autoortho_lib4fuse10filesystemNtB5_8FileAttr4file
FNDA:0,_RNvMs0_NtNtCs3QhePZjA2DC_13autoortho_lib4fuse10filesystemNtB5_8FileAttr9directory
FNDA:0,_RNvMs_NtNtCs3QhePZjA2DC_13autoortho_lib4fuse10filesystemNtB4_13DdsFileSystem11cache_stats
FNDA:0,_RNvMs_NtNtCs3QhePZjA2DC_13autoortho_lib4fuse10filesystemNtB4_13DdsFileSystem11clear_cache
FNDA:0,_RNvMs_NtNtCs3QhePZjA2DC_13autoortho_lib4fuse10filesystemNtB4_13DdsFileSystem14is_dir_in_root
FNDA:0,_RNvMs_NtNtCs3QhePZjA2DC_13autoortho_lib4fuse10filesystemNtB4_13DdsFileSystem20night_exclusion_flag
FNDA:0,_RNvMs_NtNtCs3QhePZjA2DC_13autoortho_lib4fuse10filesystemNtB4_13DdsFileSystem21disk_cache_size_bytes
FNDA:0,_RNvMs_NtNtCs3QhePZjA2DC_13autoortho_lib4fuse10filesystemNtB4_13DdsFileSystem6format
FNDA:0,_RNvMs_NtNtCs3QhePZjA2DC_13autoortho_lib4fuse10filesystemNtB4_13DdsFileSystem7builder
FNDA:0,_RNvMs_NtNtCs3QhePZjA2DC_13autoortho_lib4fuse10filesystemNtB4_13DdsFileSystem7has_dds
FNDA:0,_RNvMs_NtNtCs3QhePZjA2DC_13autoortho_lib4fuse10filesystemNtB4_13DdsFileSystem8get_attr
FNDA:0,_RNvMs_NtNtCs3QhePZjA2DC_13autoortho_lib4fuse10filesystemNtB4_13DdsFileSystem8list_dir
FNDA:0,_RNvMs_NtNtCs3QhePZjA2DC_13autoortho_lib4fuse10filesystemNtB4_13DdsFileSystem8read_dds
FNDA:0,_RNvMs_NtNtCs3QhePZjA2DC_13autoortho_lib4fuse10filesystemNtB4_13DdsFileSystem9cache_len
FNDA:10,_RNvNtNtNtCs4nX8Bln9QYa_13autoortho_lib4fuse10filesystem5tests7make_fs
FNDA:1,_RNvNtNtNtCs4nX8Bln9QYa_13autoortho_lib4fuse10filesystem5testss_18test_get_attr_root
FNDA:1,_RNvNtNtNtCs4nX8Bln9QYa_13autoortho_lib4fuse10filesystem5testss_18test_list_dir_root
FNDA:1,_RNvNtNtNtCs4nX8Bln9QYa_13autoortho_lib4fuse10filesystem5testss_20test_get_attr_marker
FNDA:1,_RNvNtNtNtCs4nX8Bln9QYa_13autoortho_lib4fuse10filesystem5testss_20test_get_attr_poison
FNDA:1,_RNvNtNtNtCs4nX8Bln9QYa_13autoortho_lib4fuse10filesystem5testss_21test_cache_operations
FNDA:1,_RNvNtNtNtCs4nX8Bln9QYa_13autoortho_lib4fuse10filesystem5testss_21test_get_attr_invalid
FNDA:1,_RNvNtNtNtCs4nX8Bln9QYa_13autoortho_lib4fuse10filesystem5testss_21test_list_dir_invalid
FNDA:1,_RNvNtNtNtCs4nX8Bln9QYa_13autoortho_lib4fuse10filesystem5testss_22test_get_attr_dds_file
FNDA:1,_RNvNtNtNtCs4nX8Bln9QYa_13autoortho_lib4fuse10filesystem5testss_22test_list_dir_textures
FNDA:1,_RNvNtNtNtCs4nX8Bln9QYa_13autoortho_lib4fuse10filesystem5testss_23test_get_attr_with_root
FNDA:1,_RNvNtNtNtCs4nX8Bln9QYa_13autoortho_lib4fuse10filesystem5testss_25test_get_attr_virtual_dir
FNDA:1,_RNvNtNtNtCs4nX8Bln9QYa_13autoortho_lib4fuse10filesystem5testss_34test_list_dir_root_with_real_files
FNDA:1,_RNvNtNtNtCs4nX8Bln9QYa_13autoortho_lib4fuse10filesystem5testss_36test_list_dir_root_with_pass_through
FNDA:1,_RNvNtNtNtCs4nX8Bln9QYa_13autoortho_lib4fuse10filesystem5testss_38test_fallback_used_on_provider_failure
FNDA:1,_RNvNtNtNtCs4nX8Bln9QYa_13autoortho_lib4fuse10filesystem5testss_38test_stats_records_cache_hit_via_trait
FNDA:1,_RNvNtNtNtCs4nX8Bln9QYa_13autoortho_lib4fuse10filesystem5testss_42test_list_dir_replicated_install_structure
FNDA:0,_RNvMs_NtNtCs4nX8Bln9QYa_13autoortho_lib4fuse10filesystemNtB4_13DdsFileSystem11cache_stats
FNDA:0,_RNvMs_NtNtCs4nX8Bln9QYa_13autoortho_lib4fuse10filesystemNtB4_13DdsFileSystem20night_exclusion_flag
FNDA:0,_RNvMs_NtNtCs4nX8Bln9QYa_13autoortho_lib4fuse10filesystemNtB4_13DdsFileSystem21disk_cache_size_bytes
FNDA:0,_RNvMs_NtNtCs4nX8Bln9QYa_13autoortho_lib4fuse10filesystemNtB4_13DdsFileSystem6format
FNDA:0,_RNvMs_NtNtCs4nX8Bln9QYa_13autoortho_lib4fuse10filesystemNtB4_13DdsFileSystem7has_dds
FNDA:0,_RNCNvMs_NtNtCs4nX8Bln9QYa_13autoortho_lib4fuse10filesystemNtB6_13DdsFileSystem14is_dir_in_root0Ba_
FNDA:15,_RNCNvMs_NtNtCs4nX8Bln9QYa_13autoortho_lib4fuse10filesystemNtB6_13DdsFileSystem8get_attr0Ba_
FNDA:3,_RNCNvMs_NtNtCs4nX8Bln9QYa_13autoortho_lib4fuse10filesystemNtB6_13DdsFileSystem8read_dds0Ba_
FNDA:3,_RNvMNtNtCs4nX8Bln9QYa_13autoortho_lib4fuse10filesystemNtB2_20DdsFileSystemBuilder10custom_map
FNDA:1,_RNvMNtNtCs4nX8Bln9QYa_13autoortho_lib4fuse10filesystemNtB2_20DdsFileSystemBuilder10disk_cache
FNDA:3,_RNvMNtNtCs4nX8Bln9QYa_13autoortho_lib4fuse10filesystemNtB2_20DdsFileSystemBuilder13cache_entries
FNDA:3,_RNvMNtNtCs4nX8Bln9QYa_13autoortho_lib4fuse10filesystemNtB2_20DdsFileSystemBuilder13tile_progress
FNDA:1,_RNvMNtNtCs4nX8Bln9QYa_13autoortho_lib4fuse10filesystemNtB2_20DdsFileSystemBuilder16fallback_service
FNDA:19,_RNvMNtNtCs4nX8Bln9QYa_13autoortho_lib4fuse10filesystemNtB2_20DdsFileSystemBuilder3new
FNDA:7,_RNvMNtNtCs4nX8Bln9QYa_13autoortho_lib4fuse10filesystemNtB2_20DdsFileSystemBuilder4root
FNDA:19,_RNvMNtNtCs4nX8Bln9QYa_13autoortho_lib4fuse10filesystemNtB2_20DdsFileSystemBuilder5build
FNDA:4,_RNvMNtNtCs4nX8Bln9QYa_13autoortho_lib4fuse10filesystemNtB2_20DdsFileSystemBuilder5stats
FNDA:7,_RNvMs0_NtNtCs4nX8Bln9QYa_13autoortho_lib4fuse10filesystemNtB5_8FileAttr4file
FNDA:8,_RNvMs0_NtNtCs4nX8Bln9QYa_13autoortho_lib4fuse10filesystemNtB5_8FileAttr9directory
FNDA:1,_RNvMs_NtNtCs4nX8Bln9QYa_13autoortho_lib4fuse10filesystemNtB4_13DdsFileSystem11clear_cache
FNDA:0,_RNvMs_NtNtCs4nX8Bln9QYa_13autoortho_lib4fuse10filesystemNtB4_13DdsFileSystem14is_dir_in_root
FNDA:19,_RNvMs_NtNtCs4nX8Bln9QYa_13autoortho_lib4fuse10filesystemNtB4_13DdsFileSystem7builder
FNDA:15,_RNvMs_NtNtCs4nX8Bln9QYa_13autoortho_lib4fuse10filesystemNtB4_13DdsFileSystem8get_attr
FNDA:9,_RNvMs_NtNtCs4nX8Bln9QYa_13autoortho_lib4fuse10filesystemNtB4_13DdsFileSystem8list_dir
FNDA:3,_RNvMs_NtNtCs4nX8Bln9QYa_13autoortho_lib4fuse10filesystemNtB4_13DdsFileSystem8read_dds
FNDA:2,_RNvMs_NtNtCs4nX8Bln9QYa_13autoortho_lib4fuse10filesystemNtB4_13DdsFileSystem9cache_len
FNDA:1,_RNCNvNtNtNtCs4nX8Bln9QYa_13autoortho_lib4fuse10filesystem5testss_18test_get_attr_root0B9_
FNDA:1,_RNCNvNtNtNtCs4nX8Bln9QYa_13autoortho_lib4fuse10filesystem5testss_20test_get_attr_marker0B9_
FNDA:1,_RNCNvNtNtNtCs4nX8Bln9QYa_13autoortho_lib4fuse10filesystem5testss_20test_get_attr_poison0B9_
FNDA:1,_RNCNvNtNtNtCs4nX8Bln9QYa_13autoortho_lib4fuse10filesystem5testss_21test_get_attr_invalid0B9_
FNDA:1,_RNCNvNtNtNtCs4nX8Bln9QYa_13autoortho_lib4fuse10filesystem5testss_22test_get_attr_dds_file0B9_
[...]
FNDA:2,_RNCNvNtNtCs4nX8Bln9QYa_13autoortho_lib6xplane8simbrief23parse_simbrief_responses5_0B7_
FNDA:12,_RNCNvNtNtCs4nX8Bln9QYa_13autoortho_lib6xplane8simbrief23parse_simbrief_responses7_0B7_
FNDA:3,_RNCNvNtNtCs4nX8Bln9QYa_13autoortho_lib6xplane8simbrief23parse_simbrief_responses_0B7_
FNDA:7,_RNvNtNtNtCs4nX8Bln9QYa_13autoortho_lib6xplane8simbrief5tests11sample_plan
FNDA:7,_RNvNtNtNtCs4nX8Bln9QYa_13autoortho_lib6xplane8simbrief5tests12sample_fixes
FNDA:8,_RNvNtNtNtCs4nX8Bln9QYa_13autoortho_lib6xplane8simbrief5tests13make_fix_json
FNDA:1,_RNvNtNtNtCs4nX8Bln9QYa_13autoortho_lib6xplane8simbrief5testss_19test_flight_fix_agl
FNDA:1,_RNvNtNtNtCs4nX8Bln9QYa_13autoortho_lib6xplane8simbrief5testss_19test_haversine_zero
FNDA:1,_RNvNtNtNtCs4nX8Bln9QYa_13autoortho_lib6xplane8simbrief5testss_19test_parse_no_fixes
FNDA:1,_RNvNtNtNtCs4nX8Bln9QYa_13autoortho_lib6xplane8simbrief5testss_20test_is_on_route_far
FNDA:1,_RNvNtNtNtCs4nX8Bln9QYa_13autoortho_lib6xplane8simbrief5testss_20test_parse_api_error
FNDA:1,_RNvNtNtNtCs4nX8Bln9QYa_13autoortho_lib6xplane8simbrief5testss_21test_is_on_route_near
FNDA:1,_RNvNtNtNtCs4nX8Bln9QYa_13autoortho_lib6xplane8simbrief5testss_21test_parse_happy_path
FNDA:1,_RNvNtNtNtCs4nX8Bln9QYa_13autoortho_lib6xplane8simbrief5testss_23test_origin_destination
FNDA:1,_RNvNtNtNtCs4nX8Bln9QYa_13autoortho_lib6xplane8simbrief5testss_25test_parse_missing_navlog
FNDA:1,_RNvNtNtNtCs4nX8Bln9QYa_13autoortho_lib6xplane8simbrief5testss_26test_parse_missing_general
FNDA:1,_RNvNtNtNtCs4nX8Bln9QYa_13autoortho_lib6xplane8simbrief5testss_27test_empty_plan_is_on_route
FNDA:1,_RNvNtNtNtCs4nX8Bln9QYa_13autoortho_lib6xplane8simbrief5testss_27test_parse_missing_airports
FNDA:1,_RNvNtNtNtCs4nX8Bln9QYa_13autoortho_lib6xplane8simbrief5testss_28test_parse_invalid_elevation
FNDA:1,_RNvNtNtNtCs4nX8Bln9QYa_13autoortho_lib6xplane8simbrief5testss_29test_haversine_known_distance
FNDA:1,_RNvNtNtNtCs4nX8Bln9QYa_13autoortho_lib6xplane8simbrief5testss_29test_parse_invalid_cruise_alt
FNDA:1,_RNvNtNtNtCs4nX8Bln9QYa_13autoortho_lib6xplane8simbrief5testss_30test_is_on_route_between_fixes
FNDA:1,_RNvNtNtNtCs4nX8Bln9QYa_13autoortho_lib6xplane8simbrief5testss_30test_prefetch_points_generated
FNDA:1,_RNvNtNtNtCs4nX8Bln9QYa_13autoortho_lib6xplane8simbrief5testss_34test_parse_optional_fields_default
FNDA:1,_RNvNtNtNtCs4nX8Bln9QYa_13autoortho_lib6xplane8simbrief5testss_34test_prefetch_includes_destination
FNDA:1,_RNvNtNtNtCs4nX8Bln9QYa_13autoortho_lib6xplane8simbrief5testss_35test_parse_invalid_lat_lon_filtered
FNDA:1,_RNvNtNtNtCs4nX8Bln9QYa_13autoortho_lib6xplane8simbrief5testss_36test_distance_to_segment_at_endpoint
FNDA:1,_RNvNtNtNtCs4nX8Bln9QYa_13autoortho_lib6xplane8simbrief5testss_37test_prefetch_max_lookahead_respected
FNDA:1,_RNvNtNtNtCs4nX8Bln9QYa_13autoortho_lib6xplane8simbrief5testss_38test_parse_non_numeric_optional_fields
FNDA:1,_RNvNtNtNtCs4nX8Bln9QYa_13autoortho_lib6xplane8simbrief5testss_39test_parse_out_of_range_coords_filtered
FNF:52
FNH:46
DA:53,2
DA:54,2
DA:55,2
DA:77,1
DA:78,1
DA:79,1
DA:82,5
DA:83,5
DA:84,5
DA:89,4
DA:90,4
DA:91,1
DA:92,3
DA:94,5
DA:95,5
DA:96,5
DA:97,5
DA:98,5
DA:99,5
DA:100,5
DA:101,5
DA:103,5
DA:104,2
DA:105,3
DA:108,1
DA:109,4
DA:118,6
DA:119,6
DA:120,6
DA:121,6
DA:122,6
DA:123,6
DA:124,6
DA:125,6
DA:126,1
DA:127,5
DA:129,5
DA:132,5
DA:135,5
DA:138,5
DA:139,5
DA:141,5
DA:142,0
DA:143,5
DA:145,8
DA:146,8
DA:147,8
DA:148,0
DA:149,8
DA:151,8
DA:154,8
DA:155,104
DA:156,97
DA:157,97
DA:158,97
DA:159,97
DA:160,97
DA:161,97
DA:162,97
DA:163,97
DA:165,97
DA:166,97
DA:167,1
DA:168,96
DA:170,96
DA:171,92
DA:172,92
DA:173,92
DA:174,92
DA:175,92
DA:176,92
DA:177,92
DA:178,92
DA:179,92
DA:181,96
DA:184,7
DA:188,4
DA:189,4
DA:190,4
DA:191,4
DA:192,4
DA:193,4
DA:194,4
DA:195,4
DA:196,4
DA:197,4
DA:198,4
DA:199,4
DA:200,0
DA:202,4
DA:203,6
DA:205,5
DA:206,5
DA:207,5
DA:209,9
DA:210,9
DA:211,9
DA:212,9
DA:213,9
DA:214,9
DA:215,9
DA:216,9
DA:218,9
DA:219,5
DA:220,5
DA:221,5
DA:224,5
DA:225,5
DA:227,5
DA:228,5
DA:229,0
DA:230,5
DA:232,5
DA:233,5
DA:234,5
DA:235,5
DA:236,0
DA:237,5
DA:239,5
DA:240,5
DA:242,5
DA:243,5
DA:260,0
DA:261,0
DA:262,0
DA:267,12
DA:269,12
DA:270,1
DA:271,1
DA:273,1
DA:274,11
DA:276,11
DA:277,11
DA:278,11
DA:279,11
DA:280,11
DA:281,11
DA:282,11
DA:283,11
DA:284,11
DA:285,11
DA:286,11
DA:287,11
DA:288,11
DA:289,11
DA:290,11
DA:291,11
DA:292,11
DA:293,11
DA:294,11
DA:295,11
DA:296,11
DA:297,11
DA:298,11
DA:299,11
DA:300,11
DA:301,11
DA:302,11
DA:303,11
DA:305,11
DA:306,11
DA:307,11
DA:308,11
DA:309,11
DA:310,12
DA:311,12
DA:312,11
DA:315,11
DA:316,1
DA:317,10
DA:319,10
DA:320,10
DA:321,10
DA:322,10
DA:323,10
DA:324,10
DA:325,10
DA:326,10
DA:327,10
DA:328,10
DA:329,10
DA:330,10
DA:331,12
DA:332,11
DA:334,11
DA:335,2
DA:336,9
DA:338,9
DA:339,9
DA:340,9
DA:341,9
DA:342,9
DA:343,9
DA:344,9
DA:345,9
DA:346,12
DA:348,0
DA:349,0
DA:351,0
DA:352,0
DA:353,0
DA:354,0
DA:356,0
DA:357,0
DA:358,0
DA:359,0
DA:360,0
DA:362,0
DA:363,0
DA:364,0
DA:365,0
DA:367,0
DA:368,0
DA:420,72
DA:421,72
DA:423,72
DA:424,72
DA:425,72
DA:426,72
DA:428,72
DA:429,72
DA:431,72
DA:432,72
DA:436,15
DA:437,15
DA:438,15
DA:440,15
DA:441,0
DA:442,15
DA:444,15
DA:448,15
DA:449,13
DA:451,2
DA:454,13
DA:456,13
DA:457,8
DA:458,5
DA:459,3
DA:462,2
DA:464,15
DA:470,7
DA:471,7
DA:472,7
DA:473,7
DA:474,7
DA:475,7
DA:476,7
DA:477,7
DA:478,7
DA:479,7
DA:480,7
DA:481,7
DA:482,7
DA:483,7
DA:484,7
DA:485,7
DA:486,7
DA:487,7
DA:488,7
DA:489,7
DA:490,7
DA:491,7
DA:492,7
DA:493,7
DA:494,7
DA:495,7
DA:496,7
DA:497,7
DA:498,7
DA:499,7
DA:500,7
DA:501,7
DA:502,7
DA:503,7
DA:504,7
DA:505,7
DA:506,7
DA:507,7
DA:509,7
DA:511,7
DA:512,7
DA:513,7
DA:514,7
DA:515,7
DA:516,7
DA:517,7
DA:518,7
DA:519,7
DA:520,7
DA:523,1
DA:524,1
DA:525,1
DA:528,1
DA:530,1
DA:531,1
DA:532,1
DA:535,1
DA:536,1
DA:538,1
DA:539,1
DA:542,1
DA:543,1
DA:545,1
DA:546,1
DA:549,1
DA:550,1
DA:552,1
DA:553,1
DA:556,1
DA:557,1
DA:558,1
DA:559,1
DA:560,1
DA:563,1
DA:564,1
DA:565,1
DA:566,1
DA:569,20
DA:570,20
DA:572,1
DA:575,1
DA:576,1
DA:578,1
DA:579,1
DA:580,1
DA:581,1
DA:584,1
DA:585,1
DA:586,1
DA:588,1
DA:589,1
DA:590,1
DA:591,1
DA:594,1
DA:595,1
DA:596,1
DA:597,1
DA:598,1
DA:599,1
DA:600,1
DA:601,1
DA:602,1
DA:603,1
DA:604,1
DA:605,1
DA:606,1
DA:607,1
DA:608,1
DA:611,1
DA:612,1
DA:613,1
DA:614,1
DA:617,1
DA:618,1
DA:619,1
DA:620,1
DA:621,1
DA:622,1
DA:623,1
DA:624,1
DA:625,1
DA:626,1
DA:627,1
DA:631,8
DA:632,8
DA:633,8
DA:634,8
DA:635,8
DA:636,8
DA:637,8
DA:638,8
DA:639,8
DA:640,8
DA:641,8
DA:642,8
DA:644,8
DA:647,1
DA:648,1
DA:649,1
DA:650,1
DA:651,1
DA:652,1
DA:653,1
DA:654,1
DA:655,1
DA:659,1
DA:660,1
DA:661,1
DA:662,1
DA:663,1
DA:664,1
DA:665,1
DA:666,1
DA:667,1
DA:670,1
DA:671,1
DA:672,1
DA:674,1
DA:675,1
DA:676,1
DA:677,1
DA:680,1
DA:681,1
DA:682,1
DA:683,1
DA:685,1
DA:686,1
DA:687,1
DA:690,1
DA:693,1
DA:694,1
DA:695,1
DA:696,1
DA:697,1
DA:700,1
DA:703,1
DA:704,1
DA:705,1
DA:706,1
DA:709,1
DA:710,1
DA:711,1
DA:712,1
DA:713,1
DA:714,1
DA:715,1
DA:718,1
DA:719,1
DA:720,1
DA:721,1
DA:722,1
DA:725,1
DA:726,1
DA:727,1
DA:728,1
DA:731,1
DA:732,1
DA:733,1
DA:734,1
DA:735,1
DA:738,1
DA:739,1
DA:740,1
DA:741,1
DA:744,1
DA:745,1
DA:746,1
DA:747,1
DA:748,1
DA:749,1
DA:750,1
DA:751,1
DA:752,1
DA:753,1
DA:754,1
DA:759,1
DA:760,1
DA:761,1
DA:762,1
DA:763,1
DA:766,1
DA:767,1
DA:768,1
DA:769,1
DA:770,1
DA:771,1
DA:772,1
DA:773,1
DA:774,1
DA:775,1
DA:776,1
DA:781,1
DA:782,1
DA:783,1
DA:784,1
DA:785,1
DA:788,1
DA:789,1
DA:790,1
DA:791,1
DA:792,1
DA:793,1
DA:794,1
DA:798,1
DA:799,1
DA:800,1
DA:801,1
DA:802,1
DA:803,1
DA:804,1
DA:805,1
DA:806,1
DA:807,1
DA:808,1
DA:811,1
DA:812,1
DA:813,1
DA:814,1
DA:815,1
DA:816,1
DA:817,1
DA:818,1
DA:819,1
DA:820,1
DA:821,1
DA:822,1
DA:826,1
DA:827,1
DA:828,1
DA:829,1
DA:830,1
DA:831,1
DA:832,1
DA:833,1
DA:834,1
DA:837,1
DA:838,1
DA:839,1
DA:840,1
DA:843,1
DA:844,1
DA:845,1
DA:846,1
BRF:0
BRH:0
LF:536
LH:506
end_of_record
SF:/Users/frode/Programming/rust/autoortho-rs/src/xplane/simbrief_adapter.rs
FN:13,_RINvMNtNtCs3QhePZjA2DC_13autoortho_lib6xplane16simbrief_adapterNtB3_15SimBriefAdapter3newpEB7_
FN:24,_RNvXs_NtNtCs3QhePZjA2DC_13autoortho_lib6xplane16simbrief_adapterNtB4_15SimBriefAdapterNtNtB6_6traits16FlightPlanSource17fetch_flight_plan
FN:45,_RNvXs_NtNtCs3QhePZjA2DC_13autoortho_lib6xplane16simbrief_adapterNtB4_15SimBriefAdapterNtNtB6_6traits16FlightPlanSource19get_prefetch_points
FN:33,_RNvXs_NtNtCs3QhePZjA2DC_13autoortho_lib6xplane16simbrief_adapterNtB4_15SimBriefAdapterNtNtB6_6traits16FlightPlanSource9parse_ofp
FN:24,_RNvXs_NtNtCs4nX8Bln9QYa_13autoortho_lib6xplane16simbrief_adapterNtB4_15SimBriefAdapterNtNtB6_6traits16FlightPlanSource17fetch_flight_plan
FN:56,_RNvNtNtNtCs4nX8Bln9QYa_13autoortho_lib6xplane16simbrief_adapter5testss_16test_adapter_new
FN:62,_RNvNtNtNtCs4nX8Bln9QYa_13autoortho_lib6xplane16simbrief_adapter5testss_28test_adapter_new_into_string
FN:68,_RNvNtNtNtCs4nX8Bln9QYa_13autoortho_lib6xplane16simbrief_adapter5testss_33test_parse_ofp_returns_empty_plan
FN:80,_RNvNtNtNtCs4nX8Bln9QYa_13autoortho_lib6xplane16simbrief_adapter5testss_35test_get_prefetch_points_empty_plan
FN:96,_RNvNtNtNtCs4nX8Bln9QYa_13autoortho_lib6xplane16simbrief_adapter5testss_35test_get_prefetch_points_with_fixes
FN:13,_RINvMNtNtCs4nX8Bln9QYa_13autoortho_lib6xplane16simbrief_adapterNtB3_15SimBriefAdapter3newNtNtCs1OjIl8oxbrv_5alloc6string6StringEB7_
FN:13,_RINvMNtNtCs4nX8Bln9QYa_13autoortho_lib6xplane16simbrief_adapterNtB3_15SimBriefAdapter3newReEB7_
FN:45,_RNvXs_NtNtCs4nX8Bln9QYa_13autoortho_lib6xplane16simbrief_adapterNtB4_15SimBriefAdapterNtNtB6_6traits16FlightPlanSource19get_prefetch_points
FN:33,_RNvXs_NtNtCs4nX8Bln9QYa_13autoortho_lib6xplane16simbrief_adapterNtB4_15SimBriefAdapterNtNtB6_6traits16FlightPlanSource9parse_ofp
FNDA:0,_RINvMNtNtCs3QhePZjA2DC_13autoortho_lib6xplane16simbrief_adapterNtB3_15SimBriefAdapter3newpEB7_
FNDA:0,_RNvXs_NtNtCs3QhePZjA2DC_13autoortho_lib6xplane16simbrief_adapterNtB4_15SimBriefAdapterNtNtB6_6traits16FlightPlanSource17fetch_flight_plan
FNDA:0,_RNvXs_NtNtCs3QhePZjA2DC_13autoortho_lib6xplane16simbrief_adapterNtB4_15SimBriefAdapterNtNtB6_6traits16FlightPlanSource19get_prefetch_points
FNDA:0,_RNvXs_NtNtCs3QhePZjA2DC_13autoortho_lib6xplane16simbrief_adapterNtB4_15SimBriefAdapterNtNtB6_6traits16FlightPlanSource9parse_ofp
FNDA:0,_RNvXs_NtNtCs4nX8Bln9QYa_13autoortho_lib6xplane16simbrief_adapterNtB4_15SimBriefAdapterNtNtB6_6traits16FlightPlanSource17fetch_flight_plan
FNDA:1,_RNvNtNtNtCs4nX8Bln9QYa_13autoortho_lib6xplane16simbrief_adapter5testss_16test_adapter_new
FNDA:1,_RNvNtNtNtCs4nX8Bln9QYa_13autoortho_lib6xplane16simbrief_adapter5testss_28test_adapter_new_into_string
FNDA:1,_RNvNtNtNtCs4nX8Bln9QYa_13autoortho_lib6xplane16simbrief_adapter5testss_33test_parse_ofp_returns_empty_plan
FNDA:1,_RNvNtNtNtCs4nX8Bln9QYa_13autoortho_lib6xplane16simbrief_adapter5testss_35test_get_prefetch_points_empty_plan
FNDA:1,_RNvNtNtNtCs4nX8Bln9QYa_13autoortho_lib6xplane16simbrief_adapter5testss_35test_get_prefetch_points_with_fixes
FNDA:1,_RINvMNtNtCs4nX8Bln9QYa_13autoortho_lib6xplane16simbrief_adapterNtB3_15SimBriefAdapter3newNtNtCs1OjIl8oxbrv_5alloc6string6StringEB7_
FNDA:4,_RINvMNtNtCs4nX8Bln9QYa_13autoortho_lib6xplane16simbrief_adapterNtB3_15SimBriefAdapter3newReEB7_
FNDA:2,_RNvXs_NtNtCs4nX8Bln9QYa_13autoortho_lib6xplane16simbrief_adapterNtB4_15SimBriefAdapterNtNtB6_6traits16FlightPlanSource19get_prefetch_points
FNDA:1,_RNvXs_NtNtCs4nX8Bln9QYa_13autoortho_lib6xplane16simbrief_adapterNtB4_15SimBriefAdapterNtNtB6_6traits16FlightPlanSource9parse_ofp
FNF:9
FNH:8
DA:13,5
DA:14,5
DA:15,5
DA:16,5
DA:17,5
DA:24,0
DA:25,0
DA:26,0
DA:27,0
DA:33,1
DA:34,1
DA:35,1
DA:36,1
DA:37,1
DA:38,1
DA:39,1
DA:40,1
DA:41,1
DA:42,1
DA:45,2
DA:46,2
DA:47,2
DA:56,1
DA:57,1
DA:58,1
DA:59,1
DA:62,1
DA:63,1
DA:64,1
DA:65,1
DA:68,1
DA:69,1
DA:70,1
DA:71,1
DA:72,1
DA:73,1
DA:74,1
DA:75,1
DA:76,1
DA:77,1
DA:80,1
DA:81,1
DA:82,1
DA:83,1
DA:84,1
DA:85,1
DA:86,1
DA:87,1
DA:88,1
DA:89,1
DA:90,1
DA:92,1
DA:93,1
DA:96,1
DA:97,1
DA:98,1
DA:99,1
DA:100,1
DA:101,1
DA:102,1
DA:103,1
DA:104,1
DA:105,1
DA:106,1
DA:107,1
DA:108,1
DA:109,1
DA:110,1
DA:111,1
DA:112,1
DA:113,1
DA:114,1
DA:115,1
DA:116,1
DA:117,1
DA:118,1
DA:119,1
DA:120,1
DA:121,1
DA:122,1
DA:123,1
DA:124,1
DA:125,1
DA:126,1
DA:127,1
DA:128,1
DA:129,1
DA:130,1
DA:131,1
DA:133,1
DA:134,1
BRF:0
BRH:0
LF:91
LH:87
end_of_record
SF:/Users/frode/Programming/rust/autoortho-rs/src/xplane/udp.rs
FN:63,_RNCNCNvMNtNtCs3QhePZjA2DC_13autoortho_lib6xplane3udpNtB6_15XPlaneUdpClient16receive_response00Ba_
FN:29,_RNCNCNvMNtNtCs3QhePZjA2DC_13autoortho_lib6xplane3udpNtB6_15XPlaneUdpClient7connect00Ba_
FN:51,_RNCNvMNtNtCs3QhePZjA2DC_13autoortho_lib6xplane3udpNtB4_15XPlaneUdpClient15request_dataref0B8_
FN:58,_RNCNvMNtNtCs3QhePZjA2DC_13autoortho_lib6xplane3udpNtB4_15XPlaneUdpClient16receive_response0B8_
FN:24,_RNCNvMNtNtCs3QhePZjA2DC_13autoortho_lib6xplane3udpNtB4_15XPlaneUdpClient7connect0B8_
FN:67,_RNvMNtNtCs3QhePZjA2DC_13autoortho_lib6xplane3udpNtB2_15XPlaneUdpClient11remote_addr
FN:46,_RNvMNtNtCs3QhePZjA2DC_13autoortho_lib6xplane3udpNtB2_15XPlaneUdpClient15request_dataref
FN:58,_RNvMNtNtCs3QhePZjA2DC_13autoortho_lib6xplane3udpNtB2_15XPlaneUdpClient16receive_response
FN:24,_RNvMNtNtCs3QhePZjA2DC_13autoortho_lib6xplane3udpNtB2_15XPlaneUdpClient7connect
FN:63,_RNCNCNvMNtNtCs4nX8Bln9QYa_13autoortho_lib6xplane3udpNtB6_15XPlaneUdpClient16receive_response00Ba_
FN:29,_RNCNCNvMNtNtCs4nX8Bln9QYa_13autoortho_lib6xplane3udpNtB6_15XPlaneUdpClient7connect00Ba_
FN:51,_RNCNvMNtNtCs4nX8Bln9QYa_13autoortho_lib6xplane3udpNtB4_15XPlaneUdpClient15request_dataref0B8_
FN:58,_RNCNvMNtNtCs4nX8Bln9QYa_13autoortho_lib6xplane3udpNtB4_15XPlaneUdpClient16receive_response0B8_
FN:24,_RNCNvMNtNtCs4nX8Bln9QYa_13autoortho_lib6xplane3udpNtB4_15XPlaneUdpClient7connect0B8_
FN:67,_RNvMNtNtCs4nX8Bln9QYa_13autoortho_lib6xplane3udpNtB2_15XPlaneUdpClient11remote_addr
FN:46,_RNvMNtNtCs4nX8Bln9QYa_13autoortho_lib6xplane3udpNtB2_15XPlaneUdpClient15request_dataref
FN:58,_RNvMNtNtCs4nX8Bln9QYa_13autoortho_lib6xplane3udpNtB2_15XPlaneUdpClient16receive_response
FN:24,_RNvMNtNtCs4nX8Bln9QYa_13autoortho_lib6xplane3udpNtB2_15XPlaneUdpClient7connect
FN:86,_RNCNvNtNtNtCs4nX8Bln9QYa_13autoortho_lib6xplane3udp5testss_13test_udp_bind0B9_
FN:86,_RNvNtNtNtCs4nX8Bln9QYa_13autoortho_lib6xplane3udp5testss_13test_udp_bind
FN:77,_RNvNtNtNtCs4nX8Bln9QYa_13autoortho_lib6xplane3udp5testss_22test_udp_error_display
FNDA:0,_RNCNCNvMNtNtCs3QhePZjA2DC_13autoortho_lib6xplane3udpNtB6_15XPlaneUdpClient16receive_response00Ba_
FNDA:0,_RNCNCNvMNtNtCs3QhePZjA2DC_13autoortho_lib6xplane3udpNtB6_15XPlaneUdpClient7connect00Ba_
FNDA:0,_RNCNvMNtNtCs3QhePZjA2DC_13autoortho_lib6xplane3udpNtB4_15XPlaneUdpClient15request_dataref0B8_
FNDA:0,_RNCNvMNtNtCs3QhePZjA2DC_13autoortho_lib6xplane3udpNtB4_15XPlaneUdpClient16receive_response0B8_
FNDA:0,_RNCNvMNtNtCs3QhePZjA2DC_13autoortho_lib6xplane3udpNtB4_15XPlaneUdpClient7connect0B8_
FNDA:0,_RNvMNtNtCs3QhePZjA2DC_13autoortho_lib6xplane3udpNtB2_15XPlaneUdpClient11remote_addr
FNDA:0,_RNvMNtNtCs3QhePZjA2DC_13autoortho_lib6xplane3udpNtB2_15XPlaneUdpClient15request_dataref
FNDA:0,_RNvMNtNtCs3QhePZjA2DC_13autoortho_lib6xplane3udpNtB2_15XPlaneUdpClient16receive_response
FNDA:0,_RNvMNtNtCs3QhePZjA2DC_13autoortho_lib6xplane3udpNtB2_15XPlaneUdpClient7connect
FNDA:0,_RNCNCNvMNtNtCs4nX8Bln9QYa_13autoortho_lib6xplane3udpNtB6_15XPlaneUdpClient16receive_response00Ba_
FNDA:0,_RNCNCNvMNtNtCs4nX8Bln9QYa_13autoortho_lib6xplane3udpNtB6_15XPlaneUdpClient7connect00Ba_
FNDA:0,_RNCNvMNtNtCs4nX8Bln9QYa_13autoortho_lib6xplane3udpNtB4_15XPlaneUdpClient15request_dataref0B8_
FNDA:0,_RNCNvMNtNtCs4nX8Bln9QYa_13autoortho_lib6xplane3udpNtB4_15XPlaneUdpClient16receive_response0B8_
FNDA:0,_RNCNvMNtNtCs4nX8Bln9QYa_13autoortho_lib6xplane3udpNtB4_15XPlaneUdpClient7connect0B8_
FNDA:0,_RNvMNtNtCs4nX8Bln9QYa_13autoortho_lib6xplane3udpNtB2_15XPlaneUdpClient11remote_addr
FNDA:0,_RNvMNtNtCs4nX8Bln9QYa_13autoortho_lib6xplane3udpNtB2_15XPlaneUdpClient15request_dataref
FNDA:0,_RNvMNtNtCs4nX8Bln9QYa_13autoortho_lib6xplane3udpNtB2_15XPlaneUdpClient16receive_response
FNDA:0,_RNvMNtNtCs4nX8Bln9QYa_13autoortho_lib6xplane3udpNtB2_15XPlaneUdpClient7connect
FNDA:1,_RNCNvNtNtNtCs4nX8Bln9QYa_13autoortho_lib6xplane3udp5testss_13test_udp_bind0B9_
FNDA:1,_RNvNtNtNtCs4nX8Bln9QYa_13autoortho_lib6xplane3udp5testss_13test_udp_bind
FNDA:1,_RNvNtNtNtCs4nX8Bln9QYa_13autoortho_lib6xplane3udp5testss_22test_udp_error_display
FNF:12
FNH:3
DA:24,0
DA:26,0
DA:27,0
DA:28,0
DA:29,0
DA:30,0
DA:31,0
DA:32,0
DA:33,0
DA:34,0
DA:36,0
DA:37,0
DA:39,0
DA:40,0
DA:41,0
DA:42,0
DA:43,0
DA:46,0
DA:47,0
DA:48,0
DA:49,0
DA:50,0
DA:51,0
DA:52,0
DA:53,0
DA:54,0
DA:55,0
DA:58,0
DA:59,0
DA:60,0
DA:61,0
DA:63,0
DA:64,0
DA:67,0
DA:68,0
DA:69,0
DA:77,1
DA:78,1
DA:79,1
DA:81,1
DA:82,1
DA:83,1
DA:86,1
DA:87,1
DA:89,1
DA:91,1
DA:92,1
BRF:0
BRH:0
LF:55
LH:13
end_of_record
SF:/Users/frode/Programming/rust/autoortho-rs/src/xplane/udp_loop.rs
FN:82,_RNCNCNvNtNtCs3QhePZjA2DC_13autoortho_lib6xplane8udp_loop17connect_and_track00B9_
FN:101,_RNCNCNvNtNtCs3QhePZjA2DC_13autoortho_lib6xplane8udp_loop17connect_and_track0s0_0B9_
FN:93,_RNCNCNvNtNtCs3QhePZjA2DC_13autoortho_lib6xplane8udp_loop17connect_and_track0s_0B9_
FN:49,_RNCNvNtNtCs3QhePZjA2DC_13autoortho_lib6xplane8udp_loop11run_tracker0B7_
FN:80,_RNCNvNtNtCs3QhePZjA2DC_13autoortho_lib6xplane8udp_loop17connect_and_track0B7_
FN:45,_RNvNtNtCs3QhePZjA2DC_13autoortho_lib6xplane8udp_loop11run_tracker
FN:76,_RNvNtNtCs3QhePZjA2DC_13autoortho_lib6xplane8udp_loop17connect_and_track
FN:45,_RNvNtNtCs4nX8Bln9QYa_13autoortho_lib6xplane8udp_loop11run_tracker
FN:76,_RNvNtNtCs4nX8Bln9QYa_13autoortho_lib6xplane8udp_loop17connect_and_track
FN:82,_RNCNCNvNtNtCs4nX8Bln9QYa_13autoortho_lib6xplane8udp_loop17connect_and_track00B9_
FN:101,_RNCNCNvNtNtCs4nX8Bln9QYa_13autoortho_lib6xplane8udp_loop17connect_and_track0s0_0B9_
FN:93,_RNCNCNvNtNtCs4nX8Bln9QYa_13autoortho_lib6xplane8udp_loop17connect_and_track0s_0B9_
FN:49,_RNCNvNtNtCs4nX8Bln9QYa_13autoortho_lib6xplane8udp_loop11run_tracker0B7_
FN:80,_RNCNvNtNtCs4nX8Bln9QYa_13autoortho_lib6xplane8udp_loop17connect_and_track0B7_
FN:165,_RNvNtNtNtCs4nX8Bln9QYa_13autoortho_lib6xplane8udp_loop5testss_31test_datarefs_all_has_8_entries
FNDA:0,_RNCNCNvNtNtCs3QhePZjA2DC_13autoortho_lib6xplane8udp_loop17connect_and_track00B9_
FNDA:0,_RNCNCNvNtNtCs3QhePZjA2DC_13autoortho_lib6xplane8udp_loop17connect_and_track0s0_0B9_
FNDA:0,_RNCNCNvNtNtCs3QhePZjA2DC_13autoortho_lib6xplane8udp_loop17connect_and_track0s_0B9_
FNDA:0,_RNCNvNtNtCs3QhePZjA2DC_13autoortho_lib6xplane8udp_loop11run_tracker0B7_
FNDA:0,_RNCNvNtNtCs3QhePZjA2DC_13autoortho_lib6xplane8udp_loop17connect_and_track0B7_
FNDA:0,_RNvNtNtCs3QhePZjA2DC_13autoortho_lib6xplane8udp_loop11run_tracker
FNDA:0,_RNvNtNtCs3QhePZjA2DC_13autoortho_lib6xplane8udp_loop17connect_and_track
FNDA:2,_RNvNtNtCs4nX8Bln9QYa_13autoortho_lib6xplane8udp_loop11run_tracker
FNDA:0,_RNvNtNtCs4nX8Bln9QYa_13autoortho_lib6xplane8udp_loop17connect_and_track
FNDA:0,_RNCNCNvNtNtCs4nX8Bln9QYa_13autoortho_lib6xplane8udp_loop17connect_and_track00B9_
FNDA:0,_RNCNCNvNtNtCs4nX8Bln9QYa_13autoortho_lib6xplane8udp_loop17connect_and_track0s0_0B9_
FNDA:0,_RNCNCNvNtNtCs4nX8Bln9QYa_13autoortho_lib6xplane8udp_loop17connect_and_track0s_0B9_
FNDA:0,_RNCNvNtNtCs4nX8Bln9QYa_13autoortho_lib6xplane8udp_loop11run_tracker0B7_
FNDA:0,_RNCNvNtNtCs4nX8Bln9QYa_13autoortho_lib6xplane8udp_loop17connect_and_track0B7_
FNDA:1,_RNvNtNtNtCs4nX8Bln9QYa_13autoortho_lib6xplane8udp_loop5testss_31test_datarefs_all_has_8_entries
FNF:8
FNH:2
DA:45,2
DA:46,2
DA:47,2
DA:48,2
DA:49,2
DA:51,0
DA:52,0
DA:53,0
DA:54,0
DA:56,0
DA:58,0
DA:60,0
DA:61,0
DA:63,0
DA:64,0
DA:68,0
DA:69,0
DA:70,0
DA:74,0
DA:76,0
DA:77,0
DA:78,0
DA:79,0
DA:80,0
DA:81,0
DA:82,0
DA:83,0
DA:84,0
DA:85,0
DA:88,0
DA:89,0
DA:93,0
DA:94,0
DA:95,0
DA:96,0
DA:99,0
DA:100,0
DA:101,0
DA:102,0
DA:103,0
DA:104,0
DA:105,0
DA:108,0
DA:110,0
DA:115,0
DA:118,0
DA:120,0
DA:121,0
DA:122,0
DA:124,0
DA:125,0
DA:127,0
DA:129,0
DA:130,0
DA:131,0
DA:132,0
DA:133,0
DA:134,0
DA:135,0
DA:138,0
DA:139,0
DA:140,0
DA:144,0
DA:152,0
DA:154,0
DA:158,0
DA:165,1
DA:166,1
DA:167,1
BRF:0
BRH:0
LF:77
LH:8
end_of_record